# JRE version: OpenJDK Runtime Environment Temurin-17.0.11+9 (17.0.11+9) (build 17.0.11+9)
# Java VM: OpenJDK 64-Bit Server VM Temurin-17.0.11+9 (17.0.11+9, mixed mode, tiered, compressed oops, compressed class ptrs, parallel gc, windows-amd64)
GC Precious Log:
 CPUs: 16 total, 16 available
 Memory: 15789M
 Large Page Support: Disabled
 NUMA Support: Disabled
 Compressed Oops: Enabled (32-bit)
 Alignments: Space 512K, Generation 512K, Heap 2M
 Heap Min Capacity: 100M
 Heap Initial Capacity: 100M
 Heap Max Capacity: 1G
 Pre-touch: Disabled
 Parallel Workers: 13
Heap:
 PSYoungGen      total 40448K, used 37144K [0x00000000eab00000, 0x00000000eda00000, 0x0000000100000000)
  eden space 36864K, 91% used [0x00000000eab00000,0x00000000ecbc70b8,0x00000000ecf00000)
  from space 3584K, 99% used [0x00000000ed600000,0x00000000ed97f1d8,0x00000000ed980000)
  to   space 5632K, 0% used [0x00000000ecf00000,0x00000000ecf00000,0x00000000ed480000)
 ParOldGen       total 414720K, used 377158K [0x00000000c0000000, 0x00000000d9500000, 0x00000000eab00000)
  object space 414720K, 90% used [0x00000000c0000000,0x00000000d7051a58,0x00000000d9500000)
 Metaspace       used 76410K, committed 77760K, reserved 1179648K
  class space    used 7861K, committed 8448K, reserved 1048576K
GC Heap History (20 events):
Event: 14.577 GC heap before
{Heap before GC invocations=124 (full 9):
 PSYoungGen      total 41472K, used 41468K [0x00000000eab00000, 0x00000000efb00000, 0x0000000100000000)
  eden space 23040K, 100% used [0x00000000eab00000,0x00000000ec180000,0x00000000ec180000)
  from space 18432K, 99% used [0x00000000eda80000,0x00000000eec7f270,0x00000000eec80000)
  to   space 25600K, 0% used [0x00000000ec180000,0x00000000ec180000,0x00000000eda80000)
 ParOldGen       total 414720K, used 317001K [0x00000000c0000000, 0x00000000d9500000, 0x00000000eab00000)
  object space 414720K, 76% used [0x00000000c0000000,0x00000000d3592638,0x00000000d9500000)
 Metaspace       used 73665K, committed 75008K, reserved 1179648K
  class space    used 7666K, committed 8256K, reserved 1048576K
}
Event: 14.583 GC heap after
{Heap after GC invocations=124 (full 9):
 PSYoungGen      total 41472K, used 18183K [0x00000000eab00000, 0x00000000eec80000, 0x0000000100000000)
  eden space 23040K, 0% used [0x00000000eab00000,0x00000000eab00000,0x00000000ec180000)
  from space 18432K, 98% used [0x00000000ec180000,0x00000000ed341f10,0x00000000ed380000)
  to   space 20480K, 0% used [0x00000000ed880000,0x00000000ed880000,0x00000000eec80000)
 ParOldGen       total 414720K, used 325905K [0x00000000c0000000, 0x00000000d9500000, 0x00000000eab00000)
  object space 414720K, 78% used [0x00000000c0000000,0x00000000d3e446d0,0x00000000d9500000)
 Metaspace       used 73665K, committed 75008K, reserved 1179648K
  class space    used 7666K, committed 8256K, reserved 1048576K
}
Event: 14.597 GC heap before
{Heap before GC invocations=125 (full 9):
 PSYoungGen      total 41472K, used 41223K [0x00000000eab00000, 0x00000000eec80000, 0x0000000100000000)
  eden space 23040K, 100% used [0x00000000eab00000,0x00000000ec180000,0x00000000ec180000)
  from space 18432K, 98% used [0x00000000ec180000,0x00000000ed341f10,0x00000000ed380000)
  to   space 20480K, 0% used [0x00000000ed880000,0x00000000ed880000,0x00000000eec80000)
 ParOldGen       total 414720K, used 325905K [0x00000000c0000000, 0x00000000d9500000, 0x00000000eab00000)
  object space 414720K, 78% used [0x00000000c0000000,0x00000000d3e446d0,0x00000000d9500000)
 Metaspace       used 73679K, committed 75008K, reserved 1179648K
  class space    used 7666K, committed 8256K, reserved 1048576K
}
Event: 14.603 GC heap after
{Heap after GC invocations=125 (full 9):
 PSYoungGen      total 44032K, used 17520K [0x00000000eab00000, 0x00000000eea00000, 0x0000000100000000)
  eden space 26112K, 0% used [0x00000000eab00000,0x00000000eab00000,0x00000000ec480000)
  from space 17920K, 97% used [0x00000000ed880000,0x00000000ee99c2c0,0x00000000eea00000)
  to   space 18432K, 0% used [0x00000000ec600000,0x00000000ec600000,0x00000000ed800000)
 ParOldGen       total 414720K, used 335351K [0x00000000c0000000, 0x00000000d9500000, 0x00000000eab00000)
  object space 414720K, 80% used [0x00000000c0000000,0x00000000d477dd28,0x00000000d9500000)
 Metaspace       used 73679K, committed 75008K, reserved 1179648K
  class space    used 7666K, committed 8256K, reserved 1048576K
}
Event: 14.712 GC heap before
{Heap before GC invocations=126 (full 9):
 PSYoungGen      total 44032K, used 43632K [0x00000000eab00000, 0x00000000eea00000, 0x0000000100000000)
  eden space 26112K, 100% used [0x00000000eab00000,0x00000000ec480000,0x00000000ec480000)
  from space 17920K, 97% used [0x00000000ed880000,0x00000000ee99c2c0,0x00000000eea00000)
  to   space 18432K, 0% used [0x00000000ec600000,0x00000000ec600000,0x00000000ed800000)
 ParOldGen       total 414720K, used 335351K [0x00000000c0000000, 0x00000000d9500000, 0x00000000eab00000)
  object space 414720K, 80% used [0x00000000c0000000,0x00000000d477dd28,0x00000000d9500000)
 Metaspace       used 73743K, committed 75072K, reserved 1179648K
  class space    used 7670K, committed 8256K, reserved 1048576K
}
Event: 14.729 GC heap after
{Heap after GC invocations=126 (full 9):
 PSYoungGen      total 33792K, used 6027K [0x00000000eab00000, 0x00000000edd00000, 0x0000000100000000)
  eden space 27648K, 0% used [0x00000000eab00000,0x00000000eab00000,0x00000000ec600000)
  from space 6144K, 98% used [0x00000000ec600000,0x00000000ecbe2c98,0x00000000ecc00000)
  to   space 10752K, 0% used [0x00000000ed280000,0x00000000ed280000,0x00000000edd00000)
 ParOldGen       total 414720K, used 352435K [0x00000000c0000000, 0x00000000d9500000, 0x00000000eab00000)
  object space 414720K, 84% used [0x00000000c0000000,0x00000000d582ccf0,0x00000000d9500000)
 Metaspace       used 73743K, committed 75072K, reserved 1179648K
  class space    used 7670K, committed 8256K, reserved 1048576K
}
Event: 14.854 GC heap before
{Heap before GC invocations=127 (full 9):
 PSYoungGen      total 33792K, used 33675K [0x00000000eab00000, 0x00000000edd00000, 0x0000000100000000)
  eden space 27648K, 100% used [0x00000000eab00000,0x00000000ec600000,0x00000000ec600000)
  from space 6144K, 98% used [0x00000000ec600000,0x00000000ecbe2c98,0x00000000ecc00000)
  to   space 10752K, 0% used [0x00000000ed280000,0x00000000ed280000,0x00000000edd00000)
 ParOldGen       total 414720K, used 352435K [0x00000000c0000000, 0x00000000d9500000, 0x00000000eab00000)
  object space 414720K, 84% used [0x00000000c0000000,0x00000000d582ccf0,0x00000000d9500000)
 Metaspace       used 73781K, committed 75072K, reserved 1179648K
  class space    used 7670K, committed 8256K, reserved 1048576K
}
Event: 14.859 GC heap after
{Heap after GC invocations=127 (full 9):
 PSYoungGen      total 38912K, used 7800K [0x00000000eab00000, 0x00000000eda80000, 0x0000000100000000)
  eden space 30720K, 0% used [0x00000000eab00000,0x00000000eab00000,0x00000000ec900000)
  from space 8192K, 95% used [0x00000000ed280000,0x00000000eda1e1e0,0x00000000eda80000)
  to   space 8704K, 0% used [0x00000000ec980000,0x00000000ec980000,0x00000000ed200000)
 ParOldGen       total 414720K, used 358088K [0x00000000c0000000, 0x00000000d9500000, 0x00000000eab00000)
  object space 414720K, 86% used [0x00000000c0000000,0x00000000d5db2378,0x00000000d9500000)
 Metaspace       used 73781K, committed 75072K, reserved 1179648K
  class space    used 7670K, committed 8256K, reserved 1048576K
}
Event: 15.041 GC heap before
{Heap before GC invocations=128 (full 9):
 PSYoungGen      total 38912K, used 38520K [0x00000000eab00000, 0x00000000eda80000, 0x0000000100000000)
  eden space 30720K, 100% used [0x00000000eab00000,0x00000000ec900000,0x00000000ec900000)
  from space 8192K, 95% used [0x00000000ed280000,0x00000000eda1e1e0,0x00000000eda80000)
  to   space 8704K, 0% used [0x00000000ec980000,0x00000000ec980000,0x00000000ed200000)
 ParOldGen       total 414720K, used 358088K [0x00000000c0000000, 0x00000000d9500000, 0x00000000eab00000)
  object space 414720K, 86% used [0x00000000c0000000,0x00000000d5db2378,0x00000000d9500000)
 Metaspace       used 74115K, committed 75456K, reserved 1179648K
  class space    used 7682K, committed 8320K, reserved 1048576K
}
Event: 15.054 GC heap after
{Heap after GC invocations=128 (full 9):
 PSYoungGen      total 35328K, used 3896K [0x00000000eab00000, 0x00000000ed700000, 0x0000000100000000)
  eden space 31232K, 0% used [0x00000000eab00000,0x00000000eab00000,0x00000000ec980000)
  from space 4096K, 95% used [0x00000000ec980000,0x00000000ecd4e028,0x00000000ecd80000)
  to   space 5632K, 0% used [0x00000000ed180000,0x00000000ed180000,0x00000000ed700000)
 ParOldGen       total 414720K, used 365449K [0x00000000c0000000, 0x00000000d9500000, 0x00000000eab00000)
  object space 414720K, 88% used [0x00000000c0000000,0x00000000d64e2428,0x00000000d9500000)
 Metaspace       used 74115K, committed 75456K, reserved 1179648K
  class space    used 7682K, committed 8320K, reserved 1048576K
}
Event: 15.178 GC heap before
{Heap before GC invocations=129 (full 9):
 PSYoungGen      total 35328K, used 35128K [0x00000000eab00000, 0x00000000ed700000, 0x0000000100000000)
  eden space 31232K, 100% used [0x00000000eab00000,0x00000000ec980000,0x00000000ec980000)
  from space 4096K, 95% used [0x00000000ec980000,0x00000000ecd4e028,0x00000000ecd80000)
  to   space 5632K, 0% used [0x00000000ed180000,0x00000000ed180000,0x00000000ed700000)
 ParOldGen       total 414720K, used 365449K [0x00000000c0000000, 0x00000000d9500000, 0x00000000eab00000)
  object space 414720K, 88% used [0x00000000c0000000,0x00000000d64e2428,0x00000000d9500000)
 Metaspace       used 74350K, committed 75648K, reserved 1179648K
  class space    used 7699K, committed 8320K, reserved 1048576K
}
Event: 15.182 GC heap after
{Heap after GC invocations=129 (full 9):
 PSYoungGen      total 39424K, used 4531K [0x00000000eab00000, 0x00000000ed680000, 0x0000000100000000)
  eden space 34304K, 0% used [0x00000000eab00000,0x00000000eab00000,0x00000000ecc80000)
  from space 5120K, 88% used [0x00000000ed180000,0x00000000ed5ecf78,0x00000000ed680000)
  to   space 5120K, 0% used [0x00000000ecc80000,0x00000000ecc80000,0x00000000ed180000)
 ParOldGen       total 414720K, used 368993K [0x00000000c0000000, 0x00000000d9500000, 0x00000000eab00000)
  object space 414720K, 88% used [0x00000000c0000000,0x00000000d6858450,0x00000000d9500000)
 Metaspace       used 74350K, committed 75648K, reserved 1179648K
  class space    used 7699K, committed 8320K, reserved 1048576K
}
Event: 15.318 GC heap before
{Heap before GC invocations=130 (full 9):
 PSYoungGen      total 39424K, used 38835K [0x00000000eab00000, 0x00000000ed680000, 0x0000000100000000)
  eden space 34304K, 100% used [0x00000000eab00000,0x00000000ecc80000,0x00000000ecc80000)
  from space 5120K, 88% used [0x00000000ed180000,0x00000000ed5ecf78,0x00000000ed680000)
  to   space 5120K, 0% used [0x00000000ecc80000,0x00000000ecc80000,0x00000000ed180000)
 ParOldGen       total 414720K, used 368993K [0x00000000c0000000, 0x00000000d9500000, 0x00000000eab00000)
  object space 414720K, 88% used [0x00000000c0000000,0x00000000d6858450,0x00000000d9500000)
 Metaspace       used 74765K, committed 76096K, reserved 1179648K
  class space    used 7708K, committed 8320K, reserved 1048576K
}
Event: 15.325 GC heap after
{Heap after GC invocations=130 (full 9):
 PSYoungGen      total 39424K, used 5103K [0x00000000eab00000, 0x00000000ee280000, 0x0000000100000000)
  eden space 34304K, 0% used [0x00000000eab00000,0x00000000eab00000,0x00000000ecc80000)
  from space 5120K, 99% used [0x00000000ecc80000,0x00000000ed17bdd8,0x00000000ed180000)
  to   space 9728K, 0% used [0x00000000ed900000,0x00000000ed900000,0x00000000ee280000)
 ParOldGen       total 414720K, used 372529K [0x00000000c0000000, 0x00000000d9500000, 0x00000000eab00000)
  object space 414720K, 89% used [0x00000000c0000000,0x00000000d6bcc450,0x00000000d9500000)
 Metaspace       used 74765K, committed 76096K, reserved 1179648K
  class space    used 7708K, committed 8320K, reserved 1048576K
}
Event: 15.560 GC heap before
{Heap before GC invocations=131 (full 9):
 PSYoungGen      total 39424K, used 39407K [0x00000000eab00000, 0x00000000ee280000, 0x0000000100000000)
  eden space 34304K, 100% used [0x00000000eab00000,0x00000000ecc80000,0x00000000ecc80000)
  from space 5120K, 99% used [0x00000000ecc80000,0x00000000ed17bdd8,0x00000000ed180000)
  to   space 9728K, 0% used [0x00000000ed900000,0x00000000ed900000,0x00000000ee280000)
 ParOldGen       total 414720K, used 372529K [0x00000000c0000000, 0x00000000d9500000, 0x00000000eab00000)
  object space 414720K, 89% used [0x00000000c0000000,0x00000000d6bcc450,0x00000000d9500000)
 Metaspace       used 75166K, committed 76480K, reserved 1179648K
  class space    used 7715K, committed 8320K, reserved 1048576K
}
Event: 15.564 GC heap after
{Heap after GC invocations=131 (full 9):
 PSYoungGen      total 41472K, used 4379K [0x00000000eab00000, 0x00000000edd80000, 0x0000000100000000)
  eden space 36864K, 0% used [0x00000000eab00000,0x00000000eab00000,0x00000000ecf00000)
  from space 4608K, 95% used [0x00000000ed900000,0x00000000edd46cd8,0x00000000edd80000)
  to   space 6144K, 0% used [0x00000000ed180000,0x00000000ed180000,0x00000000ed780000)
 ParOldGen       total 414720K, used 375494K [0x00000000c0000000, 0x00000000d9500000, 0x00000000eab00000)
  object space 414720K, 90% used [0x00000000c0000000,0x00000000d6eb1a48,0x00000000d9500000)
 Metaspace       used 75166K, committed 76480K, reserved 1179648K
  class space    used 7715K, committed 8320K, reserved 1048576K
}
Event: 15.716 GC heap before
{Heap before GC invocations=132 (full 9):
 PSYoungGen      total 41472K, used 41243K [0x00000000eab00000, 0x00000000edd80000, 0x0000000100000000)
  eden space 36864K, 100% used [0x00000000eab00000,0x00000000ecf00000,0x00000000ecf00000)
  from space 4608K, 95% used [0x00000000ed900000,0x00000000edd46cd8,0x00000000edd80000)
  to   space 6144K, 0% used [0x00000000ed180000,0x00000000ed180000,0x00000000ed780000)
 ParOldGen       total 414720K, used 375494K [0x00000000c0000000, 0x00000000d9500000, 0x00000000eab00000)
  object space 414720K, 90% used [0x00000000c0000000,0x00000000d6eb1a48,0x00000000d9500000)
 Metaspace       used 75439K, committed 76736K, reserved 1179648K
  class space    used 7756K, committed 8320K, reserved 1048576K
}
Event: 15.720 GC heap after
{Heap after GC invocations=132 (full 9):
 PSYoungGen      total 41472K, used 4565K [0x00000000eab00000, 0x00000000ed980000, 0x0000000100000000)
  eden space 36864K, 0% used [0x00000000eab00000,0x00000000eab00000,0x00000000ecf00000)
  from space 4608K, 99% used [0x00000000ed180000,0x00000000ed5f56a0,0x00000000ed600000)
  to   space 3584K, 0% used [0x00000000ed600000,0x00000000ed600000,0x00000000ed980000)
 ParOldGen       total 414720K, used 375502K [0x00000000c0000000, 0x00000000d9500000, 0x00000000eab00000)
  object space 414720K, 90% used [0x00000000c0000000,0x00000000d6eb3a48,0x00000000d9500000)
 Metaspace       used 75439K, committed 76736K, reserved 1179648K
  class space    used 7756K, committed 8320K, reserved 1048576K
}
Event: 15.915 GC heap before
{Heap before GC invocations=133 (full 9):
 PSYoungGen      total 41472K, used 41429K [0x00000000eab00000, 0x00000000ed980000, 0x0000000100000000)
  eden space 36864K, 100% used [0x00000000eab00000,0x00000000ecf00000,0x00000000ecf00000)
  from space 4608K, 99% used [0x00000000ed180000,0x00000000ed5f56a0,0x00000000ed600000)
  to   space 3584K, 0% used [0x00000000ed600000,0x00000000ed600000,0x00000000ed980000)
 ParOldGen       total 414720K, used 375502K [0x00000000c0000000, 0x00000000d9500000, 0x00000000eab00000)
  object space 414720K, 90% used [0x00000000c0000000,0x00000000d6eb3a48,0x00000000d9500000)
 Metaspace       used 75809K, committed 77120K, reserved 1179648K
  class space    used 7802K, committed 8384K, reserved 1048576K
}
Event: 15.923 GC heap after
{Heap after GC invocations=133 (full 9):
 PSYoungGen      total 40448K, used 3580K [0x00000000eab00000, 0x00000000eda00000, 0x0000000100000000)
  eden space 36864K, 0% used [0x00000000eab00000,0x00000000eab00000,0x00000000ecf00000)
  from space 3584K, 99% used [0x00000000ed600000,0x00000000ed97f1d8,0x00000000ed980000)
  to   space 5632K, 0% used [0x00000000ecf00000,0x00000000ecf00000,0x00000000ed480000)
 ParOldGen       total 414720K, used 377158K [0x00000000c0000000, 0x00000000d9500000, 0x00000000eab00000)
  object space 414720K, 90% used [0x00000000c0000000,0x00000000d7051a58,0x00000000d9500000)
 Metaspace       used 75809K, committed 77120K, reserved 1179648K
  class space    used 7802K, committed 8384K, reserved 1048576K
}

