# JRE version: OpenJDK Runtime Environment Temurin-17.0.11+9 (17.0.11+9) (build 17.0.11+9)
# Java VM: OpenJDK 64-Bit Server VM Temurin-17.0.11+9 (17.0.11+9, mixed mode, tiered, compressed oops, compressed class ptrs, parallel gc, windows-amd64)
GC Precious Log:
 CPUs: 16 total, 16 available
 Memory: 15789M
 Large Page Support: Disabled
 NUMA Support: Disabled
 Compressed Oops: Enabled (32-bit)
 Alignments: Space 512K, Generation 512K, Heap 2M
 Heap Min Capacity: 100M
 Heap Initial Capacity: 100M
 Heap Max Capacity: 1G
 Pre-touch: Disabled
 Parallel Workers: 13
Heap:
 PSYoungGen      total 20480K, used 7639K [0x00000000eab00000, 0x00000000ec380000, 0x0000000100000000)
  eden space 16896K, 25% used [0x00000000eab00000,0x00000000eaf3b2f8,0x00000000ebb80000)
  from space 3584K, 92% used [0x00000000ec000000,0x00000000ec33acb8,0x00000000ec380000)
  to   space 4096K, 0% used [0x00000000ebb80000,0x00000000ebb80000,0x00000000ebf80000)
 ParOldGen       total 699392K, used 361399K [0x00000000c0000000, 0x00000000eab00000, 0x00000000eab00000)
  object space 699392K, 51% used [0x00000000c0000000,0x00000000d60edc90,0x00000000eab00000)
 Metaspace       used 76143K, committed 77568K, reserved 1179648K
  class space    used 7848K, committed 8448K, reserved 1048576K
GC Heap History (20 events):
Event: 15.569 GC heap before
{Heap before GC invocations=178 (full 21):
 PSYoungGen      total 22528K, used 22523K [0x00000000eab00000, 0x00000000ecd80000, 0x0000000100000000)
  eden space 14848K, 100% used [0x00000000eab00000,0x00000000eb980000,0x00000000eb980000)
  from space 7680K, 99% used [0x00000000ebb80000,0x00000000ec2fef40,0x00000000ec300000)
  to   space 10240K, 0% used [0x00000000ec380000,0x00000000ec380000,0x00000000ecd80000)
 ParOldGen       total 699392K, used 353920K [0x00000000c0000000, 0x00000000eab00000, 0x00000000eab00000)
  object space 699392K, 50% used [0x00000000c0000000,0x00000000d59a0258,0x00000000eab00000)
 Metaspace       used 76037K, committed 77440K, reserved 1179648K
  class space    used 7841K, committed 8448K, reserved 1048576K
}
Event: 15.573 GC heap after
{Heap after GC invocations=178 (full 21):
 PSYoungGen      total 19456K, used 3990K [0x00000000eab00000, 0x00000000ec780000, 0x0000000100000000)
  eden space 15360K, 0% used [0x00000000eab00000,0x00000000eab00000,0x00000000eba00000)
  from space 4096K, 97% used [0x00000000ec380000,0x00000000ec7658a0,0x00000000ec780000)
  to   space 6144K, 0% used [0x00000000ebb80000,0x00000000ebb80000,0x00000000ec180000)
 ParOldGen       total 699392K, used 357263K [0x00000000c0000000, 0x00000000eab00000, 0x00000000eab00000)
  object space 699392K, 51% used [0x00000000c0000000,0x00000000d5ce3c90,0x00000000eab00000)
 Metaspace       used 76037K, committed 77440K, reserved 1179648K
  class space    used 7841K, committed 8448K, reserved 1048576K
}
Event: 15.616 GC heap before
{Heap before GC invocations=179 (full 21):
 PSYoungGen      total 19456K, used 19350K [0x00000000eab00000, 0x00000000ec780000, 0x0000000100000000)
  eden space 15360K, 100% used [0x00000000eab00000,0x00000000eba00000,0x00000000eba00000)
  from space 4096K, 97% used [0x00000000ec380000,0x00000000ec7658a0,0x00000000ec780000)
  to   space 6144K, 0% used [0x00000000ebb80000,0x00000000ebb80000,0x00000000ec180000)
 ParOldGen       total 699392K, used 357263K [0x00000000c0000000, 0x00000000eab00000, 0x00000000eab00000)
  object space 699392K, 51% used [0x00000000c0000000,0x00000000d5ce3c90,0x00000000eab00000)
 Metaspace       used 76063K, committed 77440K, reserved 1179648K
  class space    used 7841K, committed 8448K, reserved 1048576K
}
Event: 15.619 GC heap after
{Heap after GC invocations=179 (full 21):
 PSYoungGen      total 21504K, used 5130K [0x00000000eab00000, 0x00000000ec580000, 0x0000000100000000)
  eden space 15872K, 0% used [0x00000000eab00000,0x00000000eab00000,0x00000000eba80000)
  from space 5632K, 91% used [0x00000000ebb80000,0x00000000ec082aa0,0x00000000ec100000)
  to   space 4608K, 0% used [0x00000000ec100000,0x00000000ec100000,0x00000000ec580000)
 ParOldGen       total 699392K, used 357271K [0x00000000c0000000, 0x00000000eab00000, 0x00000000eab00000)
  object space 699392K, 51% used [0x00000000c0000000,0x00000000d5ce5c90,0x00000000eab00000)
 Metaspace       used 76063K, committed 77440K, reserved 1179648K
  class space    used 7841K, committed 8448K, reserved 1048576K
}
Event: 15.667 GC heap before
{Heap before GC invocations=180 (full 21):
 PSYoungGen      total 21504K, used 21002K [0x00000000eab00000, 0x00000000ec580000, 0x0000000100000000)
  eden space 15872K, 100% used [0x00000000eab00000,0x00000000eba80000,0x00000000eba80000)
  from space 5632K, 91% used [0x00000000ebb80000,0x00000000ec082aa0,0x00000000ec100000)
  to   space 4608K, 0% used [0x00000000ec100000,0x00000000ec100000,0x00000000ec580000)
 ParOldGen       total 699392K, used 357271K [0x00000000c0000000, 0x00000000eab00000, 0x00000000eab00000)
  object space 699392K, 51% used [0x00000000c0000000,0x00000000d5ce5c90,0x00000000eab00000)
 Metaspace       used 76069K, committed 77440K, reserved 1179648K
  class space    used 7841K, committed 8448K, reserved 1048576K
}
Event: 15.672 GC heap after
{Heap after GC invocations=180 (full 21):
 PSYoungGen      total 19456K, used 4606K [0x00000000eab00000, 0x00000000eca00000, 0x0000000100000000)
  eden space 14848K, 0% used [0x00000000eab00000,0x00000000eab00000,0x00000000eb980000)
  from space 4608K, 99% used [0x00000000ec100000,0x00000000ec57f960,0x00000000ec580000)
  to   space 7680K, 0% used [0x00000000eb980000,0x00000000eb980000,0x00000000ec100000)
 ParOldGen       total 699392K, used 359671K [0x00000000c0000000, 0x00000000eab00000, 0x00000000eab00000)
  object space 699392K, 51% used [0x00000000c0000000,0x00000000d5f3dc90,0x00000000eab00000)
 Metaspace       used 76069K, committed 77440K, reserved 1179648K
  class space    used 7841K, committed 8448K, reserved 1048576K
}
Event: 15.725 GC heap before
{Heap before GC invocations=181 (full 21):
 PSYoungGen      total 19456K, used 19454K [0x00000000eab00000, 0x00000000eca00000, 0x0000000100000000)
  eden space 14848K, 100% used [0x00000000eab00000,0x00000000eb980000,0x00000000eb980000)
  from space 4608K, 99% used [0x00000000ec100000,0x00000000ec57f960,0x00000000ec580000)
  to   space 7680K, 0% used [0x00000000eb980000,0x00000000eb980000,0x00000000ec100000)
 ParOldGen       total 699392K, used 359671K [0x00000000c0000000, 0x00000000eab00000, 0x00000000eab00000)
  object space 699392K, 51% used [0x00000000c0000000,0x00000000d5f3dc90,0x00000000eab00000)
 Metaspace       used 76070K, committed 77440K, reserved 1179648K
  class space    used 7841K, committed 8448K, reserved 1048576K
}
Event: 15.730 GC heap after
{Heap after GC invocations=181 (full 21):
 PSYoungGen      total 19968K, used 4947K [0x00000000eab00000, 0x00000000ec600000, 0x0000000100000000)
  eden space 14848K, 0% used [0x00000000eab00000,0x00000000eab00000,0x00000000eb980000)
  from space 5120K, 96% used [0x00000000eb980000,0x00000000ebe54f48,0x00000000ebe80000)
  to   space 6144K, 0% used [0x00000000ec000000,0x00000000ec000000,0x00000000ec600000)
 ParOldGen       total 699392K, used 360007K [0x00000000c0000000, 0x00000000eab00000, 0x00000000eab00000)
  object space 699392K, 51% used [0x00000000c0000000,0x00000000d5f91c90,0x00000000eab00000)
 Metaspace       used 76070K, committed 77440K, reserved 1179648K
  class space    used 7841K, committed 8448K, reserved 1048576K
}
Event: 15.919 GC heap before
{Heap before GC invocations=182 (full 21):
 PSYoungGen      total 19968K, used 19795K [0x00000000eab00000, 0x00000000ec600000, 0x0000000100000000)
  eden space 14848K, 100% used [0x00000000eab00000,0x00000000eb980000,0x00000000eb980000)
  from space 5120K, 96% used [0x00000000eb980000,0x00000000ebe54f48,0x00000000ebe80000)
  to   space 6144K, 0% used [0x00000000ec000000,0x00000000ec000000,0x00000000ec600000)
 ParOldGen       total 699392K, used 360007K [0x00000000c0000000, 0x00000000eab00000, 0x00000000eab00000)
  object space 699392K, 51% used [0x00000000c0000000,0x00000000d5f91c90,0x00000000eab00000)
 Metaspace       used 76073K, committed 77440K, reserved 1179648K
  class space    used 7841K, committed 8448K, reserved 1048576K
}
Event: 15.922 GC heap after
{Heap after GC invocations=182 (full 21):
 PSYoungGen      total 18432K, used 2608K [0x00000000eab00000, 0x00000000ec300000, 0x0000000100000000)
  eden space 15360K, 0% used [0x00000000eab00000,0x00000000eab00000,0x00000000eba00000)
  from space 3072K, 84% used [0x00000000ec000000,0x00000000ec28c2f0,0x00000000ec300000)
  to   space 4096K, 0% used [0x00000000ebb00000,0x00000000ebb00000,0x00000000ebf00000)
 ParOldGen       total 699392K, used 360007K [0x00000000c0000000, 0x00000000eab00000, 0x00000000eab00000)
  object space 699392K, 51% used [0x00000000c0000000,0x00000000d5f91c90,0x00000000eab00000)
 Metaspace       used 76073K, committed 77440K, reserved 1179648K
  class space    used 7841K, committed 8448K, reserved 1048576K
}
Event: 16.005 GC heap before
{Heap before GC invocations=183 (full 21):
 PSYoungGen      total 18432K, used 17968K [0x00000000eab00000, 0x00000000ec300000, 0x0000000100000000)
  eden space 15360K, 100% used [0x00000000eab00000,0x00000000eba00000,0x00000000eba00000)
  from space 3072K, 84% used [0x00000000ec000000,0x00000000ec28c2f0,0x00000000ec300000)
  to   space 4096K, 0% used [0x00000000ebb00000,0x00000000ebb00000,0x00000000ebf00000)
 ParOldGen       total 699392K, used 360007K [0x00000000c0000000, 0x00000000eab00000, 0x00000000eab00000)
  object space 699392K, 51% used [0x00000000c0000000,0x00000000d5f91c90,0x00000000eab00000)
 Metaspace       used 76124K, committed 77568K, reserved 1179648K
  class space    used 7848K, committed 8448K, reserved 1048576K
}
Event: 16.008 GC heap after
{Heap after GC invocations=183 (full 21):
 PSYoungGen      total 19456K, used 3077K [0x00000000eab00000, 0x00000000ec180000, 0x0000000100000000)
  eden space 15872K, 0% used [0x00000000eab00000,0x00000000eab00000,0x00000000eba80000)
  from space 3584K, 85% used [0x00000000ebb00000,0x00000000ebe01738,0x00000000ebe80000)
  to   space 3072K, 0% used [0x00000000ebe80000,0x00000000ebe80000,0x00000000ec180000)
 ParOldGen       total 699392K, used 360007K [0x00000000c0000000, 0x00000000eab00000, 0x00000000eab00000)
  object space 699392K, 51% used [0x00000000c0000000,0x00000000d5f91c90,0x00000000eab00000)
 Metaspace       used 76124K, committed 77568K, reserved 1179648K
  class space    used 7848K, committed 8448K, reserved 1048576K
}
Event: 16.097 GC heap before
{Heap before GC invocations=184 (full 21):
 PSYoungGen      total 19456K, used 18949K [0x00000000eab00000, 0x00000000ec180000, 0x0000000100000000)
  eden space 15872K, 100% used [0x00000000eab00000,0x00000000eba80000,0x00000000eba80000)
  from space 3584K, 85% used [0x00000000ebb00000,0x00000000ebe01738,0x00000000ebe80000)
  to   space 3072K, 0% used [0x00000000ebe80000,0x00000000ebe80000,0x00000000ec180000)
 ParOldGen       total 699392K, used 360007K [0x00000000c0000000, 0x00000000eab00000, 0x00000000eab00000)
  object space 699392K, 51% used [0x00000000c0000000,0x00000000d5f91c90,0x00000000eab00000)
 Metaspace       used 76139K, committed 77568K, reserved 1179648K
  class space    used 7848K, committed 8448K, reserved 1048576K
}
Event: 16.099 GC heap after
{Heap after GC invocations=184 (full 21):
 PSYoungGen      total 19456K, used 3031K [0x00000000eab00000, 0x00000000ec180000, 0x0000000100000000)
  eden space 16384K, 0% used [0x00000000eab00000,0x00000000eab00000,0x00000000ebb00000)
  from space 3072K, 98% used [0x00000000ebe80000,0x00000000ec175c38,0x00000000ec180000)
  to   space 3072K, 0% used [0x00000000ebb80000,0x00000000ebb80000,0x00000000ebe80000)
 ParOldGen       total 699392K, used 360015K [0x00000000c0000000, 0x00000000eab00000, 0x00000000eab00000)
  object space 699392K, 51% used [0x00000000c0000000,0x00000000d5f93c90,0x00000000eab00000)
 Metaspace       used 76139K, committed 77568K, reserved 1179648K
  class space    used 7848K, committed 8448K, reserved 1048576K
}
Event: 16.195 GC heap before
{Heap before GC invocations=185 (full 21):
 PSYoungGen      total 19456K, used 19415K [0x00000000eab00000, 0x00000000ec180000, 0x0000000100000000)
  eden space 16384K, 100% used [0x00000000eab00000,0x00000000ebb00000,0x00000000ebb00000)
  from space 3072K, 98% used [0x00000000ebe80000,0x00000000ec175c38,0x00000000ec180000)
  to   space 3072K, 0% used [0x00000000ebb80000,0x00000000ebb80000,0x00000000ebe80000)
 ParOldGen       total 699392K, used 360015K [0x00000000c0000000, 0x00000000eab00000, 0x00000000eab00000)
  object space 699392K, 51% used [0x00000000c0000000,0x00000000d5f93c90,0x00000000eab00000)
 Metaspace       used 76142K, committed 77568K, reserved 1179648K
  class space    used 7848K, committed 8448K, reserved 1048576K
}
Event: 16.197 GC heap after
{Heap after GC invocations=185 (full 21):
 PSYoungGen      total 19456K, used 2209K [0x00000000eab00000, 0x00000000ec080000, 0x0000000100000000)
  eden space 16896K, 0% used [0x00000000eab00000,0x00000000eab00000,0x00000000ebb80000)
  from space 2560K, 86% used [0x00000000ebb80000,0x00000000ebda85d0,0x00000000ebe00000)
  to   space 2560K, 0% used [0x00000000ebe00000,0x00000000ebe00000,0x00000000ec080000)
 ParOldGen       total 699392K, used 360015K [0x00000000c0000000, 0x00000000eab00000, 0x00000000eab00000)
  object space 699392K, 51% used [0x00000000c0000000,0x00000000d5f93c90,0x00000000eab00000)
 Metaspace       used 76142K, committed 77568K, reserved 1179648K
  class space    used 7848K, committed 8448K, reserved 1048576K
}
Event: 16.268 GC heap before
{Heap before GC invocations=186 (full 21):
 PSYoungGen      total 19456K, used 19105K [0x00000000eab00000, 0x00000000ec080000, 0x0000000100000000)
  eden space 16896K, 100% used [0x00000000eab00000,0x00000000ebb80000,0x00000000ebb80000)
  from space 2560K, 86% used [0x00000000ebb80000,0x00000000ebda85d0,0x00000000ebe00000)
  to   space 2560K, 0% used [0x00000000ebe00000,0x00000000ebe00000,0x00000000ec080000)
 ParOldGen       total 699392K, used 360015K [0x00000000c0000000, 0x00000000eab00000, 0x00000000eab00000)
  object space 699392K, 51% used [0x00000000c0000000,0x00000000d5f93c90,0x00000000eab00000)
 Metaspace       used 76143K, committed 77568K, reserved 1179648K
  class space    used 7848K, committed 8448K, reserved 1048576K
}
Event: 16.271 GC heap after
{Heap after GC invocations=186 (full 21):
 PSYoungGen      total 18944K, used 2503K [0x00000000eab00000, 0x00000000ec200000, 0x0000000100000000)
  eden space 16384K, 0% used [0x00000000eab00000,0x00000000eab00000,0x00000000ebb00000)
  from space 2560K, 97% used [0x00000000ebe00000,0x00000000ec071c30,0x00000000ec080000)
  to   space 3072K, 0% used [0x00000000ebb00000,0x00000000ebb00000,0x00000000ebe00000)
 ParOldGen       total 699392K, used 360015K [0x00000000c0000000, 0x00000000eab00000, 0x00000000eab00000)
  object space 699392K, 51% used [0x00000000c0000000,0x00000000d5f93c90,0x00000000eab00000)
 Metaspace       used 76143K, committed 77568K, reserved 1179648K
  class space    used 7848K, committed 8448K, reserved 1048576K
}
Event: 16.308 GC heap before
{Heap before GC invocations=187 (full 21):
 PSYoungGen      total 18944K, used 18887K [0x00000000eab00000, 0x00000000ec200000, 0x0000000100000000)
  eden space 16384K, 100% used [0x00000000eab00000,0x00000000ebb00000,0x00000000ebb00000)
  from space 2560K, 97% used [0x00000000ebe00000,0x00000000ec071c30,0x00000000ec080000)
  to   space 3072K, 0% used [0x00000000ebb00000,0x00000000ebb00000,0x00000000ebe00000)
 ParOldGen       total 699392K, used 360015K [0x00000000c0000000, 0x00000000eab00000, 0x00000000eab00000)
  object space 699392K, 51% used [0x00000000c0000000,0x00000000d5f93c90,0x00000000eab00000)
 Metaspace       used 76143K, committed 77568K, reserved 1179648K
  class space    used 7848K, committed 8448K, reserved 1048576K
}
Event: 16.311 GC heap after
{Heap after GC invocations=187 (full 21):
 PSYoungGen      total 19456K, used 3069K [0x00000000eab00000, 0x00000000ec480000, 0x0000000100000000)
  eden space 16384K, 0% used [0x00000000eab00000,0x00000000eab00000,0x00000000ebb00000)
  from space 3072K, 99% used [0x00000000ebb00000,0x00000000ebdff438,0x00000000ebe00000)
  to   space 4608K, 0% used [0x00000000ec000000,0x00000000ec000000,0x00000000ec480000)
 ParOldGen       total 699392K, used 361175K [0x00000000c0000000, 0x00000000eab00000, 0x00000000eab00000)
  object space 699392K, 51% used [0x00000000c0000000,0x00000000d60b5c90,0x00000000eab00000)
 Metaspace       used 76143K, committed 77568K, reserved 1179648K
  class space    used 7848K, committed 8448K, reserved 1048576K
}

