# JRE version: OpenJDK Runtime Environment Temurin-17.0.11+9 (17.0.11+9) (build 17.0.11+9)
# Java VM: OpenJDK 64-Bit Server VM Temurin-17.0.11+9 (17.0.11+9, mixed mode, tiered, compressed oops, compressed class ptrs, parallel gc, windows-amd64)
GC Precious Log:
 CPUs: 16 total, 16 available
 Memory: 15789M
 Large Page Support: Disabled
 NUMA Support: Disabled
 Compressed Oops: Enabled (32-bit)
 Alignments: Space 512K, Generation 512K, Heap 2M
 Heap Min Capacity: 100M
 Heap Initial Capacity: 100M
 Heap Max Capacity: 1G
 Pre-touch: Disabled
 Parallel Workers: 13
Heap:
 PSYoungGen      total 9728K, used 7919K [0x00000000eab00000, 0x00000000eb700000, 0x0000000100000000)
  eden space 7680K, 93% used [0x00000000eab00000,0x00000000eb20bdc8,0x00000000eb280000)
  from space 2048K, 34% used [0x00000000eb380000,0x00000000eb430020,0x00000000eb580000)
  to   space 1536K, 0% used [0x00000000eb580000,0x00000000eb580000,0x00000000eb700000)
 ParOldGen       total 325120K, used 253840K [0x00000000c0000000, 0x00000000d3d80000, 0x00000000eab00000)
  object space 325120K, 78% used [0x00000000c0000000,0x00000000cf7e4090,0x00000000d3d80000)
 Metaspace       used 82193K, committed 83584K, reserved 1179648K
  class space    used 8601K, committed 9216K, reserved 1048576K
GC Heap History (20 events):
Event: 27.276 GC heap before
{Heap before GC invocations=373 (full 18):
 PSYoungGen      total 8704K, used 7953K [0x00000000eab00000, 0x00000000eb980000, 0x0000000100000000)
  eden space 7680K, 97% used [0x00000000eab00000,0x00000000eb257200,0x00000000eb280000)
  from space 1024K, 42% used [0x00000000eb780000,0x00000000eb7ed200,0x00000000eb880000)
  to   space 512K, 0% used [0x00000000eb900000,0x00000000eb900000,0x00000000eb980000)
 ParOldGen       total 325120K, used 249683K [0x00000000c0000000, 0x00000000d3d80000, 0x00000000eab00000)
  object space 325120K, 76% used [0x00000000c0000000,0x00000000cf3d4d28,0x00000000d3d80000)
 Metaspace       used 78277K, committed 79616K, reserved 1179648K
  class space    used 8072K, committed 8640K, reserved 1048576K
}
Event: 27.278 GC heap after
{Heap after GC invocations=373 (full 18):
 PSYoungGen      total 8192K, used 512K [0x00000000eab00000, 0x00000000eb980000, 0x0000000100000000)
  eden space 7680K, 0% used [0x00000000eab00000,0x00000000eab00000,0x00000000eb280000)
  from space 512K, 100% used [0x00000000eb900000,0x00000000eb980000,0x00000000eb980000)
  to   space 1536K, 0% used [0x00000000eb680000,0x00000000eb680000,0x00000000eb800000)
 ParOldGen       total 325120K, used 250235K [0x00000000c0000000, 0x00000000d3d80000, 0x00000000eab00000)
  object space 325120K, 76% used [0x00000000c0000000,0x00000000cf45ef58,0x00000000d3d80000)
 Metaspace       used 78277K, committed 79616K, reserved 1179648K
  class space    used 8072K, committed 8640K, reserved 1048576K
}
Event: 27.335 GC heap before
{Heap before GC invocations=374 (full 18):
 PSYoungGen      total 8192K, used 7864K [0x00000000eab00000, 0x00000000eb980000, 0x0000000100000000)
  eden space 7680K, 95% used [0x00000000eab00000,0x00000000eb22e1c0,0x00000000eb280000)
  from space 512K, 100% used [0x00000000eb900000,0x00000000eb980000,0x00000000eb980000)
  to   space 1536K, 0% used [0x00000000eb680000,0x00000000eb680000,0x00000000eb800000)
 ParOldGen       total 325120K, used 250235K [0x00000000c0000000, 0x00000000d3d80000, 0x00000000eab00000)
  object space 325120K, 76% used [0x00000000c0000000,0x00000000cf45ef58,0x00000000d3d80000)
 Metaspace       used 78545K, committed 79808K, reserved 1179648K
  class space    used 8088K, committed 8640K, reserved 1048576K
}
Event: 27.337 GC heap after
{Heap after GC invocations=374 (full 18):
 PSYoungGen      total 9216K, used 1509K [0x00000000eab00000, 0x00000000eb980000, 0x0000000100000000)
  eden space 7680K, 0% used [0x00000000eab00000,0x00000000eab00000,0x00000000eb280000)
  from space 1536K, 98% used [0x00000000eb680000,0x00000000eb7f9788,0x00000000eb800000)
  to   space 1536K, 0% used [0x00000000eb800000,0x00000000eb800000,0x00000000eb980000)
 ParOldGen       total 325120K, used 251708K [0x00000000c0000000, 0x00000000d3d80000, 0x00000000eab00000)
  object space 325120K, 77% used [0x00000000c0000000,0x00000000cf5cf158,0x00000000d3d80000)
 Metaspace       used 78545K, committed 79808K, reserved 1179648K
  class space    used 8088K, committed 8640K, reserved 1048576K
}
Event: 27.366 GC heap before
{Heap before GC invocations=375 (full 18):
 PSYoungGen      total 9216K, used 9189K [0x00000000eab00000, 0x00000000eb980000, 0x0000000100000000)
  eden space 7680K, 100% used [0x00000000eab00000,0x00000000eb280000,0x00000000eb280000)
  from space 1536K, 98% used [0x00000000eb680000,0x00000000eb7f9788,0x00000000eb800000)
  to   space 1536K, 0% used [0x00000000eb800000,0x00000000eb800000,0x00000000eb980000)
 ParOldGen       total 325120K, used 251708K [0x00000000c0000000, 0x00000000d3d80000, 0x00000000eab00000)
  object space 325120K, 77% used [0x00000000c0000000,0x00000000cf5cf158,0x00000000d3d80000)
 Metaspace       used 78746K, committed 80000K, reserved 1179648K
  class space    used 8106K, committed 8640K, reserved 1048576K
}
Event: 27.368 GC heap after
{Heap after GC invocations=375 (full 18):
 PSYoungGen      total 8704K, used 702K [0x00000000eab00000, 0x00000000eb900000, 0x0000000100000000)
  eden space 7680K, 0% used [0x00000000eab00000,0x00000000eab00000,0x00000000eb280000)
  from space 1024K, 68% used [0x00000000eb800000,0x00000000eb8afa80,0x00000000eb900000)
  to   space 1536K, 0% used [0x00000000eb600000,0x00000000eb600000,0x00000000eb780000)
 ParOldGen       total 325120K, used 251940K [0x00000000c0000000, 0x00000000d3d80000, 0x00000000eab00000)
  object space 325120K, 77% used [0x00000000c0000000,0x00000000cf609158,0x00000000d3d80000)
 Metaspace       used 78746K, committed 80000K, reserved 1179648K
  class space    used 8106K, committed 8640K, reserved 1048576K
}
Event: 27.426 GC heap before
{Heap before GC invocations=376 (full 18):
 PSYoungGen      total 8704K, used 8382K [0x00000000eab00000, 0x00000000eb900000, 0x0000000100000000)
  eden space 7680K, 99% used [0x00000000eab00000,0x00000000eb27ffd0,0x00000000eb280000)
  from space 1024K, 68% used [0x00000000eb800000,0x00000000eb8afa80,0x00000000eb900000)
  to   space 1536K, 0% used [0x00000000eb600000,0x00000000eb600000,0x00000000eb780000)
 ParOldGen       total 325120K, used 251940K [0x00000000c0000000, 0x00000000d3d80000, 0x00000000eab00000)
  object space 325120K, 77% used [0x00000000c0000000,0x00000000cf609158,0x00000000d3d80000)
 Metaspace       used 79026K, committed 80320K, reserved 1179648K
  class space    used 8154K, committed 8704K, reserved 1048576K
}
Event: 27.428 GC heap after
{Heap after GC invocations=376 (full 18):
 PSYoungGen      total 9216K, used 480K [0x00000000eab00000, 0x00000000eb880000, 0x0000000100000000)
  eden space 7680K, 0% used [0x00000000eab00000,0x00000000eab00000,0x00000000eb280000)
  from space 1536K, 31% used [0x00000000eb600000,0x00000000eb678000,0x00000000eb780000)
  to   space 1024K, 0% used [0x00000000eb780000,0x00000000eb780000,0x00000000eb880000)
 ParOldGen       total 325120K, used 252124K [0x00000000c0000000, 0x00000000d3d80000, 0x00000000eab00000)
  object space 325120K, 77% used [0x00000000c0000000,0x00000000cf637158,0x00000000d3d80000)
 Metaspace       used 79026K, committed 80320K, reserved 1179648K
  class space    used 8154K, committed 8704K, reserved 1048576K
}
Event: 27.550 GC heap before
{Heap before GC invocations=377 (full 18):
 PSYoungGen      total 9216K, used 7976K [0x00000000eab00000, 0x00000000eb880000, 0x0000000100000000)
  eden space 7680K, 97% used [0x00000000eab00000,0x00000000eb252258,0x00000000eb280000)
  from space 1536K, 31% used [0x00000000eb600000,0x00000000eb678000,0x00000000eb780000)
  to   space 1024K, 0% used [0x00000000eb780000,0x00000000eb780000,0x00000000eb880000)
 ParOldGen       total 325120K, used 252124K [0x00000000c0000000, 0x00000000d3d80000, 0x00000000eab00000)
  object space 325120K, 77% used [0x00000000c0000000,0x00000000cf637158,0x00000000d3d80000)
 Metaspace       used 80010K, committed 81408K, reserved 1179648K
  class space    used 8248K, committed 8832K, reserved 1048576K
}
Event: 27.552 GC heap after
{Heap after GC invocations=377 (full 18):
 PSYoungGen      total 8704K, used 1007K [0x00000000eab00000, 0x00000000eb880000, 0x0000000100000000)
  eden space 7680K, 0% used [0x00000000eab00000,0x00000000eab00000,0x00000000eb280000)
  from space 1024K, 98% used [0x00000000eb780000,0x00000000eb87bcf0,0x00000000eb880000)
  to   space 1536K, 0% used [0x00000000eb580000,0x00000000eb580000,0x00000000eb700000)
 ParOldGen       total 325120K, used 252148K [0x00000000c0000000, 0x00000000d3d80000, 0x00000000eab00000)
  object space 325120K, 77% used [0x00000000c0000000,0x00000000cf63d158,0x00000000d3d80000)
 Metaspace       used 80010K, committed 81408K, reserved 1179648K
  class space    used 8248K, committed 8832K, reserved 1048576K
}
Event: 27.645 GC heap before
{Heap before GC invocations=378 (full 18):
 PSYoungGen      total 8704K, used 8687K [0x00000000eab00000, 0x00000000eb880000, 0x0000000100000000)
  eden space 7680K, 100% used [0x00000000eab00000,0x00000000eb280000,0x00000000eb280000)
  from space 1024K, 98% used [0x00000000eb780000,0x00000000eb87bcf0,0x00000000eb880000)
  to   space 1536K, 0% used [0x00000000eb580000,0x00000000eb580000,0x00000000eb700000)
 ParOldGen       total 325120K, used 252148K [0x00000000c0000000, 0x00000000d3d80000, 0x00000000eab00000)
  object space 325120K, 77% used [0x00000000c0000000,0x00000000cf63d158,0x00000000d3d80000)
 Metaspace       used 80862K, committed 82240K, reserved 1179648K
  class space    used 8381K, committed 8960K, reserved 1048576K
}
Event: 27.647 GC heap after
{Heap after GC invocations=378 (full 18):
 PSYoungGen      total 9216K, used 320K [0x00000000eab00000, 0x00000000eb800000, 0x0000000100000000)
  eden space 7680K, 0% used [0x00000000eab00000,0x00000000eab00000,0x00000000eb280000)
  from space 1536K, 20% used [0x00000000eb580000,0x00000000eb5d0000,0x00000000eb700000)
  to   space 1024K, 0% used [0x00000000eb700000,0x00000000eb700000,0x00000000eb800000)
 ParOldGen       total 325120K, used 252677K [0x00000000c0000000, 0x00000000d3d80000, 0x00000000eab00000)
  object space 325120K, 77% used [0x00000000c0000000,0x00000000cf6c15f8,0x00000000d3d80000)
 Metaspace       used 80862K, committed 82240K, reserved 1179648K
  class space    used 8381K, committed 8960K, reserved 1048576K
}
Event: 27.727 GC heap before
{Heap before GC invocations=379 (full 18):
 PSYoungGen      total 9216K, used 8000K [0x00000000eab00000, 0x00000000eb800000, 0x0000000100000000)
  eden space 7680K, 100% used [0x00000000eab00000,0x00000000eb280000,0x00000000eb280000)
  from space 1536K, 20% used [0x00000000eb580000,0x00000000eb5d0000,0x00000000eb700000)
  to   space 1024K, 0% used [0x00000000eb700000,0x00000000eb700000,0x00000000eb800000)
 ParOldGen       total 325120K, used 252677K [0x00000000c0000000, 0x00000000d3d80000, 0x00000000eab00000)
  object space 325120K, 77% used [0x00000000c0000000,0x00000000cf6c15f8,0x00000000d3d80000)
 Metaspace       used 81461K, committed 82880K, reserved 1179648K
  class space    used 8512K, committed 9152K, reserved 1048576K
}
Event: 27.729 GC heap after
{Heap after GC invocations=379 (full 18):
 PSYoungGen      total 8192K, used 512K [0x00000000eab00000, 0x00000000eb780000, 0x0000000100000000)
  eden space 7680K, 0% used [0x00000000eab00000,0x00000000eab00000,0x00000000eb280000)
  from space 512K, 100% used [0x00000000eb700000,0x00000000eb780000,0x00000000eb780000)
  to   space 1024K, 0% used [0x00000000eb580000,0x00000000eb580000,0x00000000eb680000)
 ParOldGen       total 325120K, used 252677K [0x00000000c0000000, 0x00000000d3d80000, 0x00000000eab00000)
  object space 325120K, 77% used [0x00000000c0000000,0x00000000cf6c15f8,0x00000000d3d80000)
 Metaspace       used 81461K, committed 82880K, reserved 1179648K
  class space    used 8512K, committed 9152K, reserved 1048576K
}
Event: 31.092 GC heap before
{Heap before GC invocations=380 (full 18):
 PSYoungGen      total 8192K, used 8192K [0x00000000eab00000, 0x00000000eb780000, 0x0000000100000000)
  eden space 7680K, 100% used [0x00000000eab00000,0x00000000eb280000,0x00000000eb280000)
  from space 512K, 100% used [0x00000000eb700000,0x00000000eb780000,0x00000000eb780000)
  to   space 1024K, 0% used [0x00000000eb580000,0x00000000eb580000,0x00000000eb680000)
 ParOldGen       total 325120K, used 252677K [0x00000000c0000000, 0x00000000d3d80000, 0x00000000eab00000)
  object space 325120K, 77% used [0x00000000c0000000,0x00000000cf6c15f8,0x00000000d3d80000)
 Metaspace       used 82116K, committed 83520K, reserved 1179648K
  class space    used 8597K, committed 9216K, reserved 1048576K
}
Event: 31.093 GC heap after
{Heap after GC invocations=380 (full 18):
 PSYoungGen      total 8704K, used 928K [0x00000000eab00000, 0x00000000eb780000, 0x0000000100000000)
  eden space 7680K, 0% used [0x00000000eab00000,0x00000000eab00000,0x00000000eb280000)
  from space 1024K, 90% used [0x00000000eb580000,0x00000000eb668060,0x00000000eb680000)
  to   space 1024K, 0% used [0x00000000eb680000,0x00000000eb680000,0x00000000eb780000)
 ParOldGen       total 325120K, used 252677K [0x00000000c0000000, 0x00000000d3d80000, 0x00000000eab00000)
  object space 325120K, 77% used [0x00000000c0000000,0x00000000cf6c15f8,0x00000000d3d80000)
 Metaspace       used 82116K, committed 83520K, reserved 1179648K
  class space    used 8597K, committed 9216K, reserved 1048576K
}
Event: 71.345 GC heap before
{Heap before GC invocations=381 (full 18):
 PSYoungGen      total 8704K, used 8540K [0x00000000eab00000, 0x00000000eb780000, 0x0000000100000000)
  eden space 7680K, 99% used [0x00000000eab00000,0x00000000eb26f130,0x00000000eb280000)
  from space 1024K, 90% used [0x00000000eb580000,0x00000000eb668060,0x00000000eb680000)
  to   space 1024K, 0% used [0x00000000eb680000,0x00000000eb680000,0x00000000eb780000)
 ParOldGen       total 325120K, used 252677K [0x00000000c0000000, 0x00000000d3d80000, 0x00000000eab00000)
  object space 325120K, 77% used [0x00000000c0000000,0x00000000cf6c15f8,0x00000000d3d80000)
 Metaspace       used 82158K, committed 83584K, reserved 1179648K
  class space    used 8597K, committed 9216K, reserved 1048576K
}
Event: 71.347 GC heap after
{Heap after GC invocations=381 (full 18):
 PSYoungGen      total 8704K, used 996K [0x00000000eab00000, 0x00000000eb780000, 0x0000000100000000)
  eden space 7680K, 0% used [0x00000000eab00000,0x00000000eab00000,0x00000000eb280000)
  from space 1024K, 97% used [0x00000000eb680000,0x00000000eb779080,0x00000000eb780000)
  to   space 2048K, 0% used [0x00000000eb380000,0x00000000eb380000,0x00000000eb580000)
 ParOldGen       total 325120K, used 253520K [0x00000000c0000000, 0x00000000d3d80000, 0x00000000eab00000)
  object space 325120K, 77% used [0x00000000c0000000,0x00000000cf794010,0x00000000d3d80000)
 Metaspace       used 82158K, committed 83584K, reserved 1179648K
  class space    used 8597K, committed 9216K, reserved 1048576K
}
Event: 71.407 GC heap before
{Heap before GC invocations=382 (full 18):
 PSYoungGen      total 8704K, used 8076K [0x00000000eab00000, 0x00000000eb780000, 0x0000000100000000)
  eden space 7680K, 92% used [0x00000000eab00000,0x00000000eb1ea178,0x00000000eb280000)
  from space 1024K, 97% used [0x00000000eb680000,0x00000000eb779080,0x00000000eb780000)
  to   space 2048K, 0% used [0x00000000eb380000,0x00000000eb380000,0x00000000eb580000)
 ParOldGen       total 325120K, used 253520K [0x00000000c0000000, 0x00000000d3d80000, 0x00000000eab00000)
  object space 325120K, 77% used [0x00000000c0000000,0x00000000cf794010,0x00000000d3d80000)
 Metaspace       used 82158K, committed 83584K, reserved 1179648K
  class space    used 8597K, committed 9216K, reserved 1048576K
}
Event: 71.407 GC heap after
{Heap after GC invocations=382 (full 18):
 PSYoungGen      total 9728K, used 704K [0x00000000eab00000, 0x00000000eb700000, 0x0000000100000000)
  eden space 7680K, 0% used [0x00000000eab00000,0x00000000eab00000,0x00000000eb280000)
  from space 2048K, 34% used [0x00000000eb380000,0x00000000eb430020,0x00000000eb580000)
  to   space 1536K, 0% used [0x00000000eb580000,0x00000000eb580000,0x00000000eb700000)
 ParOldGen       total 325120K, used 253840K [0x00000000c0000000, 0x00000000d3d80000, 0x00000000eab00000)
  object space 325120K, 78% used [0x00000000c0000000,0x00000000cf7e4090,0x00000000d3d80000)
 Metaspace       used 82158K, committed 83584K, reserved 1179648K
  class space    used 8597K, committed 9216K, reserved 1048576K
}

