# JRE version: OpenJDK Runtime Environment Temurin-17.0.11+9 (17.0.11+9) (build 17.0.11+9)
# Java VM: OpenJDK 64-Bit Server VM Temurin-17.0.11+9 (17.0.11+9, mixed mode, tiered, compressed oops, compressed class ptrs, parallel gc, windows-amd64)
GC Precious Log:
 CPUs: 16 total, 16 available
 Memory: 15789M
 Large Page Support: Disabled
 NUMA Support: Disabled
 Compressed Oops: Enabled (32-bit)
 Alignments: Space 512K, Generation 512K, Heap 2M
 Heap Min Capacity: 100M
 Heap Initial Capacity: 100M
 Heap Max Capacity: 1G
 Pre-touch: Disabled
 Parallel Workers: 13
Heap:
 PSYoungGen      total 23552K, used 17368K [0x00000000eab00000, 0x00000000ec400000, 0x0000000100000000)
  eden space 22016K, 73% used [0x00000000eab00000,0x00000000ebad7088,0x00000000ec080000)
  from space 1536K, 74% used [0x00000000ec280000,0x00000000ec39f1a0,0x00000000ec400000)
  to   space 1536K, 0% used [0x00000000ec100000,0x00000000ec100000,0x00000000ec280000)
 ParOldGen       total 68608K, used 37580K [0x00000000c0000000, 0x00000000c4300000, 0x00000000eab00000)
  object space 68608K, 54% used [0x00000000c0000000,0x00000000c24b3078,0x00000000c4300000)
 Metaspace       used 47674K, committed 48512K, reserved 1114112K
  class space    used 4807K, committed 5120K, reserved 1048576K
GC Heap History (20 events):
Event: 9.222 GC heap before
{Heap before GC invocations=17 (full 2):
 PSYoungGen      total 24064K, used 23808K [0x00000000eab00000, 0x00000000ec500000, 0x0000000100000000)
  eden space 22016K, 100% used [0x00000000eab00000,0x00000000ec080000,0x00000000ec080000)
  from space 2048K, 87% used [0x00000000ec300000,0x00000000ec4c0000,0x00000000ec500000)
  to   space 2048K, 0% used [0x00000000ec100000,0x00000000ec100000,0x00000000ec300000)
 ParOldGen       total 68608K, used 23584K [0x00000000c0000000, 0x00000000c4300000, 0x00000000eab00000)
  object space 68608K, 34% used [0x00000000c0000000,0x00000000c1708198,0x00000000c4300000)
 Metaspace       used 38312K, committed 39104K, reserved 1114112K
  class space    used 3830K, committed 4224K, reserved 1048576K
}
Event: 9.223 GC heap after
{Heap after GC invocations=17 (full 2):
 PSYoungGen      total 24064K, used 2016K [0x00000000eab00000, 0x00000000ec580000, 0x0000000100000000)
  eden space 22016K, 0% used [0x00000000eab00000,0x00000000eab00000,0x00000000ec080000)
  from space 2048K, 98% used [0x00000000ec100000,0x00000000ec2f8010,0x00000000ec300000)
  to   space 2560K, 0% used [0x00000000ec300000,0x00000000ec300000,0x00000000ec580000)
 ParOldGen       total 68608K, used 25264K [0x00000000c0000000, 0x00000000c4300000, 0x00000000eab00000)
  object space 68608K, 36% used [0x00000000c0000000,0x00000000c18ac198,0x00000000c4300000)
 Metaspace       used 38312K, committed 39104K, reserved 1114112K
  class space    used 3830K, committed 4224K, reserved 1048576K
}
Event: 9.608 GC heap before
{Heap before GC invocations=18 (full 2):
 PSYoungGen      total 24064K, used 24022K [0x00000000eab00000, 0x00000000ec580000, 0x0000000100000000)
  eden space 22016K, 99% used [0x00000000eab00000,0x00000000ec07dbd0,0x00000000ec080000)
  from space 2048K, 98% used [0x00000000ec100000,0x00000000ec2f8010,0x00000000ec300000)
  to   space 2560K, 0% used [0x00000000ec300000,0x00000000ec300000,0x00000000ec580000)
 ParOldGen       total 68608K, used 25264K [0x00000000c0000000, 0x00000000c4300000, 0x00000000eab00000)
  object space 68608K, 36% used [0x00000000c0000000,0x00000000c18ac198,0x00000000c4300000)
 Metaspace       used 40134K, committed 40896K, reserved 1114112K
  class space    used 4063K, committed 4416K, reserved 1048576K
}
Event: 9.610 GC heap after
{Heap after GC invocations=18 (full 2):
 PSYoungGen      total 23552K, used 1464K [0x00000000eab00000, 0x00000000ec480000, 0x0000000100000000)
  eden space 22016K, 0% used [0x00000000eab00000,0x00000000eab00000,0x00000000ec080000)
  from space 1536K, 95% used [0x00000000ec300000,0x00000000ec46e3a0,0x00000000ec480000)
  to   space 2048K, 0% used [0x00000000ec080000,0x00000000ec080000,0x00000000ec280000)
 ParOldGen       total 68608K, used 27069K [0x00000000c0000000, 0x00000000c4300000, 0x00000000eab00000)
  object space 68608K, 39% used [0x00000000c0000000,0x00000000c1a6f500,0x00000000c4300000)
 Metaspace       used 40134K, committed 40896K, reserved 1114112K
  class space    used 4063K, committed 4416K, reserved 1048576K
}
Event: 10.037 GC heap before
{Heap before GC invocations=19 (full 2):
 PSYoungGen      total 23552K, used 23480K [0x00000000eab00000, 0x00000000ec480000, 0x0000000100000000)
  eden space 22016K, 100% used [0x00000000eab00000,0x00000000ec080000,0x00000000ec080000)
  from space 1536K, 95% used [0x00000000ec300000,0x00000000ec46e3a0,0x00000000ec480000)
  to   space 2048K, 0% used [0x00000000ec080000,0x00000000ec080000,0x00000000ec280000)
 ParOldGen       total 68608K, used 27069K [0x00000000c0000000, 0x00000000c4300000, 0x00000000eab00000)
  object space 68608K, 39% used [0x00000000c0000000,0x00000000c1a6f500,0x00000000c4300000)
 Metaspace       used 41394K, committed 42176K, reserved 1114112K
  class space    used 4190K, committed 4544K, reserved 1048576K
}
Event: 10.038 GC heap after
{Heap after GC invocations=19 (full 2):
 PSYoungGen      total 24064K, used 448K [0x00000000eab00000, 0x00000000ec380000, 0x0000000100000000)
  eden space 22016K, 0% used [0x00000000eab00000,0x00000000eab00000,0x00000000ec080000)
  from space 2048K, 21% used [0x00000000ec080000,0x00000000ec0f0000,0x00000000ec280000)
  to   space 1024K, 0% used [0x00000000ec280000,0x00000000ec280000,0x00000000ec380000)
 ParOldGen       total 68608K, used 28302K [0x00000000c0000000, 0x00000000c4300000, 0x00000000eab00000)
  object space 68608K, 41% used [0x00000000c0000000,0x00000000c1ba3ae0,0x00000000c4300000)
 Metaspace       used 41394K, committed 42176K, reserved 1114112K
  class space    used 4190K, committed 4544K, reserved 1048576K
}
Event: 11.448 GC heap before
{Heap before GC invocations=20 (full 2):
 PSYoungGen      total 24064K, used 22464K [0x00000000eab00000, 0x00000000ec380000, 0x0000000100000000)
  eden space 22016K, 100% used [0x00000000eab00000,0x00000000ec080000,0x00000000ec080000)
  from space 2048K, 21% used [0x00000000ec080000,0x00000000ec0f0000,0x00000000ec280000)
  to   space 1024K, 0% used [0x00000000ec280000,0x00000000ec280000,0x00000000ec380000)
 ParOldGen       total 68608K, used 28302K [0x00000000c0000000, 0x00000000c4300000, 0x00000000eab00000)
  object space 68608K, 41% used [0x00000000c0000000,0x00000000c1ba3ae0,0x00000000c4300000)
 Metaspace       used 43657K, committed 44416K, reserved 1114112K
  class space    used 4406K, committed 4736K, reserved 1048576K
}
Event: 11.449 GC heap after
{Heap after GC invocations=20 (full 2):
 PSYoungGen      total 23040K, used 864K [0x00000000eab00000, 0x00000000ec380000, 0x0000000100000000)
  eden space 22016K, 0% used [0x00000000eab00000,0x00000000eab00000,0x00000000ec080000)
  from space 1024K, 84% used [0x00000000ec280000,0x00000000ec358040,0x00000000ec380000)
  to   space 1024K, 0% used [0x00000000ec180000,0x00000000ec180000,0x00000000ec280000)
 ParOldGen       total 68608K, used 28574K [0x00000000c0000000, 0x00000000c4300000, 0x00000000eab00000)
  object space 68608K, 41% used [0x00000000c0000000,0x00000000c1be7ae0,0x00000000c4300000)
 Metaspace       used 43657K, committed 44416K, reserved 1114112K
  class space    used 4406K, committed 4736K, reserved 1048576K
}
Event: 11.481 GC heap before
{Heap before GC invocations=21 (full 2):
 PSYoungGen      total 23040K, used 22880K [0x00000000eab00000, 0x00000000ec380000, 0x0000000100000000)
  eden space 22016K, 100% used [0x00000000eab00000,0x00000000ec080000,0x00000000ec080000)
  from space 1024K, 84% used [0x00000000ec280000,0x00000000ec358040,0x00000000ec380000)
  to   space 1024K, 0% used [0x00000000ec180000,0x00000000ec180000,0x00000000ec280000)
 ParOldGen       total 68608K, used 28574K [0x00000000c0000000, 0x00000000c4300000, 0x00000000eab00000)
  object space 68608K, 41% used [0x00000000c0000000,0x00000000c1be7ae0,0x00000000c4300000)
 Metaspace       used 43661K, committed 44480K, reserved 1114112K
  class space    used 4406K, committed 4736K, reserved 1048576K
}
Event: 11.484 GC heap after
{Heap after GC invocations=21 (full 2):
 PSYoungGen      total 23040K, used 1024K [0x00000000eab00000, 0x00000000ec680000, 0x0000000100000000)
  eden space 22016K, 0% used [0x00000000eab00000,0x00000000eab00000,0x00000000ec080000)
  from space 1024K, 100% used [0x00000000ec180000,0x00000000ec280000,0x00000000ec280000)
  to   space 3072K, 0% used [0x00000000ec380000,0x00000000ec380000,0x00000000ec680000)
 ParOldGen       total 68608K, used 30238K [0x00000000c0000000, 0x00000000c4300000, 0x00000000eab00000)
  object space 68608K, 44% used [0x00000000c0000000,0x00000000c1d87b20,0x00000000c4300000)
 Metaspace       used 43661K, committed 44480K, reserved 1114112K
  class space    used 4406K, committed 4736K, reserved 1048576K
}
Event: 11.510 GC heap before
{Heap before GC invocations=22 (full 2):
 PSYoungGen      total 23040K, used 23040K [0x00000000eab00000, 0x00000000ec680000, 0x0000000100000000)
  eden space 22016K, 100% used [0x00000000eab00000,0x00000000ec080000,0x00000000ec080000)
  from space 1024K, 100% used [0x00000000ec180000,0x00000000ec280000,0x00000000ec280000)
  to   space 3072K, 0% used [0x00000000ec380000,0x00000000ec380000,0x00000000ec680000)
 ParOldGen       total 68608K, used 30238K [0x00000000c0000000, 0x00000000c4300000, 0x00000000eab00000)
  object space 68608K, 44% used [0x00000000c0000000,0x00000000c1d87b20,0x00000000c4300000)
 Metaspace       used 43663K, committed 44480K, reserved 1114112K
  class space    used 4406K, committed 4736K, reserved 1048576K
}
Event: 11.512 GC heap after
{Heap after GC invocations=22 (full 2):
 PSYoungGen      total 25088K, used 2688K [0x00000000eab00000, 0x00000000ec680000, 0x0000000100000000)
  eden space 22016K, 0% used [0x00000000eab00000,0x00000000eab00000,0x00000000ec080000)
  from space 3072K, 87% used [0x00000000ec380000,0x00000000ec620010,0x00000000ec680000)
  to   space 3072K, 0% used [0x00000000ec080000,0x00000000ec080000,0x00000000ec380000)
 ParOldGen       total 68608K, used 31286K [0x00000000c0000000, 0x00000000c4300000, 0x00000000eab00000)
  object space 68608K, 45% used [0x00000000c0000000,0x00000000c1e8db20,0x00000000c4300000)
 Metaspace       used 43663K, committed 44480K, reserved 1114112K
  class space    used 4406K, committed 4736K, reserved 1048576K
}
Event: 11.560 GC heap before
{Heap before GC invocations=23 (full 2):
 PSYoungGen      total 25088K, used 24704K [0x00000000eab00000, 0x00000000ec680000, 0x0000000100000000)
  eden space 22016K, 100% used [0x00000000eab00000,0x00000000ec080000,0x00000000ec080000)
  from space 3072K, 87% used [0x00000000ec380000,0x00000000ec620010,0x00000000ec680000)
  to   space 3072K, 0% used [0x00000000ec080000,0x00000000ec080000,0x00000000ec380000)
 ParOldGen       total 68608K, used 31286K [0x00000000c0000000, 0x00000000c4300000, 0x00000000eab00000)
  object space 68608K, 45% used [0x00000000c0000000,0x00000000c1e8db20,0x00000000c4300000)
 Metaspace       used 43699K, committed 44480K, reserved 1114112K
  class space    used 4408K, committed 4736K, reserved 1048576K
}
Event: 11.563 GC heap after
{Heap after GC invocations=23 (full 2):
 PSYoungGen      total 24064K, used 1664K [0x00000000eab00000, 0x00000000ec480000, 0x0000000100000000)
  eden space 22016K, 0% used [0x00000000eab00000,0x00000000eab00000,0x00000000ec080000)
  from space 2048K, 81% used [0x00000000ec080000,0x00000000ec220000,0x00000000ec280000)
  to   space 2048K, 0% used [0x00000000ec280000,0x00000000ec280000,0x00000000ec480000)
 ParOldGen       total 68608K, used 33444K [0x00000000c0000000, 0x00000000c4300000, 0x00000000eab00000)
  object space 68608K, 48% used [0x00000000c0000000,0x00000000c20a93b0,0x00000000c4300000)
 Metaspace       used 43699K, committed 44480K, reserved 1114112K
  class space    used 4408K, committed 4736K, reserved 1048576K
}
Event: 11.735 GC heap before
{Heap before GC invocations=24 (full 2):
 PSYoungGen      total 24064K, used 23680K [0x00000000eab00000, 0x00000000ec480000, 0x0000000100000000)
  eden space 22016K, 100% used [0x00000000eab00000,0x00000000ec080000,0x00000000ec080000)
  from space 2048K, 81% used [0x00000000ec080000,0x00000000ec220000,0x00000000ec280000)
  to   space 2048K, 0% used [0x00000000ec280000,0x00000000ec280000,0x00000000ec480000)
 ParOldGen       total 68608K, used 33444K [0x00000000c0000000, 0x00000000c4300000, 0x00000000eab00000)
  object space 68608K, 48% used [0x00000000c0000000,0x00000000c20a93b0,0x00000000c4300000)
 Metaspace       used 44731K, committed 45504K, reserved 1114112K
  class space    used 4524K, committed 4864K, reserved 1048576K
}
Event: 11.737 GC heap after
{Heap after GC invocations=24 (full 2):
 PSYoungGen      total 24064K, used 1776K [0x00000000eab00000, 0x00000000ec480000, 0x0000000100000000)
  eden space 22016K, 0% used [0x00000000eab00000,0x00000000eab00000,0x00000000ec080000)
  from space 2048K, 86% used [0x00000000ec280000,0x00000000ec43c010,0x00000000ec480000)
  to   space 2048K, 0% used [0x00000000ec080000,0x00000000ec080000,0x00000000ec280000)
 ParOldGen       total 68608K, used 34992K [0x00000000c0000000, 0x00000000c4300000, 0x00000000eab00000)
  object space 68608K, 51% used [0x00000000c0000000,0x00000000c222c270,0x00000000c4300000)
 Metaspace       used 44731K, committed 45504K, reserved 1114112K
  class space    used 4524K, committed 4864K, reserved 1048576K
}
Event: 12.086 GC heap before
{Heap before GC invocations=25 (full 2):
 PSYoungGen      total 24064K, used 23792K [0x00000000eab00000, 0x00000000ec480000, 0x0000000100000000)
  eden space 22016K, 100% used [0x00000000eab00000,0x00000000ec080000,0x00000000ec080000)
  from space 2048K, 86% used [0x00000000ec280000,0x00000000ec43c010,0x00000000ec480000)
  to   space 2048K, 0% used [0x00000000ec080000,0x00000000ec080000,0x00000000ec280000)
 ParOldGen       total 68608K, used 34992K [0x00000000c0000000, 0x00000000c4300000, 0x00000000eab00000)
  object space 68608K, 51% used [0x00000000c0000000,0x00000000c222c270,0x00000000c4300000)
 Metaspace       used 45564K, committed 46336K, reserved 1114112K
  class space    used 4607K, committed 4928K, reserved 1048576K
}
Event: 12.088 GC heap after
{Heap after GC invocations=25 (full 2):
 PSYoungGen      total 24064K, used 1814K [0x00000000eab00000, 0x00000000ec480000, 0x0000000100000000)
  eden space 22016K, 0% used [0x00000000eab00000,0x00000000eab00000,0x00000000ec080000)
  from space 2048K, 88% used [0x00000000ec080000,0x00000000ec245b80,0x00000000ec280000)
  to   space 2048K, 0% used [0x00000000ec280000,0x00000000ec280000,0x00000000ec480000)
 ParOldGen       total 68608K, used 36594K [0x00000000c0000000, 0x00000000c4300000, 0x00000000eab00000)
  object space 68608K, 53% used [0x00000000c0000000,0x00000000c23bcb18,0x00000000c4300000)
 Metaspace       used 45564K, committed 46336K, reserved 1114112K
  class space    used 4607K, committed 4928K, reserved 1048576K
}
Event: 12.154 GC heap before
{Heap before GC invocations=26 (full 2):
 PSYoungGen      total 24064K, used 23830K [0x00000000eab00000, 0x00000000ec480000, 0x0000000100000000)
  eden space 22016K, 100% used [0x00000000eab00000,0x00000000ec080000,0x00000000ec080000)
  from space 2048K, 88% used [0x00000000ec080000,0x00000000ec245b80,0x00000000ec280000)
  to   space 2048K, 0% used [0x00000000ec280000,0x00000000ec280000,0x00000000ec480000)
 ParOldGen       total 68608K, used 36594K [0x00000000c0000000, 0x00000000c4300000, 0x00000000eab00000)
  object space 68608K, 53% used [0x00000000c0000000,0x00000000c23bcb18,0x00000000c4300000)
 Metaspace       used 45574K, committed 46336K, reserved 1114112K
  class space    used 4607K, committed 4928K, reserved 1048576K
}
Event: 12.156 GC heap after
{Heap after GC invocations=26 (full 2):
 PSYoungGen      total 23552K, used 1148K [0x00000000eab00000, 0x00000000ec400000, 0x0000000100000000)
  eden space 22016K, 0% used [0x00000000eab00000,0x00000000eab00000,0x00000000ec080000)
  from space 1536K, 74% used [0x00000000ec280000,0x00000000ec39f1a0,0x00000000ec400000)
  to   space 1536K, 0% used [0x00000000ec100000,0x00000000ec100000,0x00000000ec280000)
 ParOldGen       total 68608K, used 37580K [0x00000000c0000000, 0x00000000c4300000, 0x00000000eab00000)
  object space 68608K, 54% used [0x00000000c0000000,0x00000000c24b3078,0x00000000c4300000)
 Metaspace       used 45574K, committed 46336K, reserved 1114112K
  class space    used 4607K, committed 4928K, reserved 1048576K
}

