# JRE version: OpenJDK Runtime Environment Temurin-17.0.11+9 (17.0.11+9) (build 17.0.11+9)
# Java VM: OpenJDK 64-Bit Server VM Temurin-17.0.11+9 (17.0.11+9, mixed mode, tiered, compressed oops, compressed class ptrs, parallel gc, windows-amd64)
GC Precious Log:
 CPUs: 16 total, 16 available
 Memory: 15789M
 Large Page Support: Disabled
 NUMA Support: Disabled
 Compressed Oops: Enabled (32-bit)
 Alignments: Space 512K, Generation 512K, Heap 2M
 Heap Min Capacity: 100M
 Heap Initial Capacity: 100M
 Heap Max Capacity: 1G
 Pre-touch: Disabled
 Parallel Workers: 13
Heap:
 PSYoungGen      total 5120K, used 3724K [0x00000000eab00000, 0x00000000eb200000, 0x0000000100000000)
  eden space 4096K, 73% used [0x00000000eab00000,0x00000000eadf4888,0x00000000eaf00000)
  from space 1024K, 68% used [0x00000000eaf00000,0x00000000eafae900,0x00000000eb000000)
  to   space 1024K, 0% used [0x00000000eb100000,0x00000000eb100000,0x00000000eb200000)
 ParOldGen       total 314880K, used 312451K [0x00000000c0000000, 0x00000000d3380000, 0x00000000eab00000)
  object space 314880K, 99% used [0x00000000c0000000,0x00000000d3120f08,0x00000000d3380000)
 Metaspace       used 83293K, committed 84736K, reserved 1179648K
  class space    used 8633K, committed 9280K, reserved 1048576K
GC Heap History (20 events):
Event: 45.470 GC heap before
{Heap before GC invocations=464 (full 21):
 PSYoungGen      total 5120K, used 5110K [0x00000000eab00000, 0x00000000eb800000, 0x0000000100000000)
  eden space 4096K, 100% used [0x00000000eab00000,0x00000000eaf00000,0x00000000eaf00000)
  from space 1024K, 99% used [0x00000000eaf00000,0x00000000eaffd9a0,0x00000000eb000000)
  to   space 4608K, 0% used [0x00000000eb380000,0x00000000eb380000,0x00000000eb800000)
 ParOldGen       total 314880K, used 296528K [0x00000000c0000000, 0x00000000d3380000, 0x00000000eab00000)
  object space 314880K, 94% used [0x00000000c0000000,0x00000000d2194378,0x00000000d3380000)
 Metaspace       used 83114K, committed 84544K, reserved 1179648K
  class space    used 8633K, committed 9280K, reserved 1048576K
}
Event: 45.473 GC heap after
{Heap after GC invocations=464 (full 21):
 PSYoungGen      total 8704K, used 4256K [0x00000000eab00000, 0x00000000eb900000, 0x0000000100000000)
  eden space 4096K, 0% used [0x00000000eab00000,0x00000000eab00000,0x00000000eaf00000)
  from space 4608K, 92% used [0x00000000eb380000,0x00000000eb7a8000,0x00000000eb800000)
  to   space 4608K, 0% used [0x00000000eaf00000,0x00000000eaf00000,0x00000000eb380000)
 ParOldGen       total 314880K, used 297591K [0x00000000c0000000, 0x00000000d3380000, 0x00000000eab00000)
  object space 314880K, 94% used [0x00000000c0000000,0x00000000d229dd18,0x00000000d3380000)
 Metaspace       used 83114K, committed 84544K, reserved 1179648K
  class space    used 8633K, committed 9280K, reserved 1048576K
}
Event: 45.488 GC heap before
{Heap before GC invocations=465 (full 21):
 PSYoungGen      total 8704K, used 8352K [0x00000000eab00000, 0x00000000eb900000, 0x0000000100000000)
  eden space 4096K, 100% used [0x00000000eab00000,0x00000000eaf00000,0x00000000eaf00000)
  from space 4608K, 92% used [0x00000000eb380000,0x00000000eb7a8000,0x00000000eb800000)
  to   space 4608K, 0% used [0x00000000eaf00000,0x00000000eaf00000,0x00000000eb380000)
 ParOldGen       total 314880K, used 297591K [0x00000000c0000000, 0x00000000d3380000, 0x00000000eab00000)
  object space 314880K, 94% used [0x00000000c0000000,0x00000000d229dd18,0x00000000d3380000)
 Metaspace       used 83125K, committed 84544K, reserved 1179648K
  class space    used 8633K, committed 9280K, reserved 1048576K
}
Event: 45.496 GC heap after
{Heap after GC invocations=465 (full 21):
 PSYoungGen      total 6144K, used 1626K [0x00000000eab00000, 0x00000000eb600000, 0x0000000100000000)
  eden space 4096K, 0% used [0x00000000eab00000,0x00000000eab00000,0x00000000eaf00000)
  from space 2048K, 79% used [0x00000000eaf00000,0x00000000eb096900,0x00000000eb100000)
  to   space 3072K, 0% used [0x00000000eb300000,0x00000000eb300000,0x00000000eb600000)
 ParOldGen       total 314880K, used 301719K [0x00000000c0000000, 0x00000000d3380000, 0x00000000eab00000)
  object space 314880K, 95% used [0x00000000c0000000,0x00000000d26a5d18,0x00000000d3380000)
 Metaspace       used 83125K, committed 84544K, reserved 1179648K
  class space    used 8633K, committed 9280K, reserved 1048576K
}
Event: 45.521 GC heap before
{Heap before GC invocations=466 (full 21):
 PSYoungGen      total 6144K, used 5722K [0x00000000eab00000, 0x00000000eb600000, 0x0000000100000000)
  eden space 4096K, 100% used [0x00000000eab00000,0x00000000eaf00000,0x00000000eaf00000)
  from space 2048K, 79% used [0x00000000eaf00000,0x00000000eb096900,0x00000000eb100000)
  to   space 3072K, 0% used [0x00000000eb300000,0x00000000eb300000,0x00000000eb600000)
 ParOldGen       total 314880K, used 301719K [0x00000000c0000000, 0x00000000d3380000, 0x00000000eab00000)
  object space 314880K, 95% used [0x00000000c0000000,0x00000000d26a5d18,0x00000000d3380000)
 Metaspace       used 83143K, committed 84544K, reserved 1179648K
  class space    used 8633K, committed 9280K, reserved 1048576K
}
Event: 45.524 GC heap after
{Heap after GC invocations=466 (full 21):
 PSYoungGen      total 5632K, used 224K [0x00000000eab00000, 0x00000000eb380000, 0x0000000100000000)
  eden space 5120K, 0% used [0x00000000eab00000,0x00000000eab00000,0x00000000eb000000)
  from space 512K, 43% used [0x00000000eb300000,0x00000000eb338000,0x00000000eb380000)
  to   space 1024K, 0% used [0x00000000eb180000,0x00000000eb180000,0x00000000eb280000)
 ParOldGen       total 314880K, used 302787K [0x00000000c0000000, 0x00000000d3380000, 0x00000000eab00000)
  object space 314880K, 96% used [0x00000000c0000000,0x00000000d27b0f18,0x00000000d3380000)
 Metaspace       used 83143K, committed 84544K, reserved 1179648K
  class space    used 8633K, committed 9280K, reserved 1048576K
}
Event: 45.663 GC heap before
{Heap before GC invocations=467 (full 21):
 PSYoungGen      total 5632K, used 5344K [0x00000000eab00000, 0x00000000eb380000, 0x0000000100000000)
  eden space 5120K, 100% used [0x00000000eab00000,0x00000000eb000000,0x00000000eb000000)
  from space 512K, 43% used [0x00000000eb300000,0x00000000eb338000,0x00000000eb380000)
  to   space 1024K, 0% used [0x00000000eb180000,0x00000000eb180000,0x00000000eb280000)
 ParOldGen       total 314880K, used 302787K [0x00000000c0000000, 0x00000000d3380000, 0x00000000eab00000)
  object space 314880K, 96% used [0x00000000c0000000,0x00000000d27b0f18,0x00000000d3380000)
 Metaspace       used 83224K, committed 84672K, reserved 1179648K
  class space    used 8633K, committed 9280K, reserved 1048576K
}
Event: 45.664 GC heap after
{Heap after GC invocations=467 (full 21):
 PSYoungGen      total 7168K, used 1008K [0x00000000eab00000, 0x00000000eb400000, 0x0000000100000000)
  eden space 6144K, 0% used [0x00000000eab00000,0x00000000eab00000,0x00000000eb100000)
  from space 1024K, 98% used [0x00000000eb180000,0x00000000eb27c010,0x00000000eb280000)
  to   space 1536K, 0% used [0x00000000eb280000,0x00000000eb280000,0x00000000eb400000)
 ParOldGen       total 314880K, used 302904K [0x00000000c0000000, 0x00000000d3380000, 0x00000000eab00000)
  object space 314880K, 96% used [0x00000000c0000000,0x00000000d27ce118,0x00000000d3380000)
 Metaspace       used 83224K, committed 84672K, reserved 1179648K
  class space    used 8633K, committed 9280K, reserved 1048576K
}
Event: 47.791 GC heap before
{Heap before GC invocations=468 (full 21):
 PSYoungGen      total 7168K, used 7152K [0x00000000eab00000, 0x00000000eb400000, 0x0000000100000000)
  eden space 6144K, 100% used [0x00000000eab00000,0x00000000eb100000,0x00000000eb100000)
  from space 1024K, 98% used [0x00000000eb180000,0x00000000eb27c010,0x00000000eb280000)
  to   space 1536K, 0% used [0x00000000eb280000,0x00000000eb280000,0x00000000eb400000)
 ParOldGen       total 314880K, used 302904K [0x00000000c0000000, 0x00000000d3380000, 0x00000000eab00000)
  object space 314880K, 96% used [0x00000000c0000000,0x00000000d27ce118,0x00000000d3380000)
 Metaspace       used 83241K, committed 84672K, reserved 1179648K
  class space    used 8633K, committed 9280K, reserved 1048576K
}
Event: 47.794 GC heap after
{Heap after GC invocations=468 (full 21):
 PSYoungGen      total 3584K, used 1514K [0x00000000eab00000, 0x00000000ebc00000, 0x0000000100000000)
  eden space 2048K, 0% used [0x00000000eab00000,0x00000000eab00000,0x00000000ead00000)
  from space 1536K, 98% used [0x00000000eb280000,0x00000000eb3fabc0,0x00000000eb400000)
  to   space 5632K, 0% used [0x00000000ead00000,0x00000000ead00000,0x00000000eb280000)
 ParOldGen       total 314880K, used 305964K [0x00000000c0000000, 0x00000000d3380000, 0x00000000eab00000)
  object space 314880K, 97% used [0x00000000c0000000,0x00000000d2acb148,0x00000000d3380000)
 Metaspace       used 83241K, committed 84672K, reserved 1179648K
  class space    used 8633K, committed 9280K, reserved 1048576K
}
Event: 47.798 GC heap before
{Heap before GC invocations=469 (full 21):
 PSYoungGen      total 3584K, used 3562K [0x00000000eab00000, 0x00000000ebc00000, 0x0000000100000000)
  eden space 2048K, 100% used [0x00000000eab00000,0x00000000ead00000,0x00000000ead00000)
  from space 1536K, 98% used [0x00000000eb280000,0x00000000eb3fabc0,0x00000000eb400000)
  to   space 5632K, 0% used [0x00000000ead00000,0x00000000ead00000,0x00000000eb280000)
 ParOldGen       total 314880K, used 305964K [0x00000000c0000000, 0x00000000d3380000, 0x00000000eab00000)
  object space 314880K, 97% used [0x00000000c0000000,0x00000000d2acb148,0x00000000d3380000)
 Metaspace       used 83241K, committed 84672K, reserved 1179648K
  class space    used 8633K, committed 9280K, reserved 1048576K
}
Event: 47.800 GC heap after
{Heap after GC invocations=469 (full 21):
 PSYoungGen      total 4608K, used 2208K [0x00000000eab00000, 0x00000000eb380000, 0x0000000100000000)
  eden space 2048K, 0% used [0x00000000eab00000,0x00000000eab00000,0x00000000ead00000)
  from space 2560K, 86% used [0x00000000ead00000,0x00000000eaf28000,0x00000000eaf80000)
  to   space 3072K, 0% used [0x00000000eb080000,0x00000000eb080000,0x00000000eb380000)
 ParOldGen       total 314880K, used 307527K [0x00000000c0000000, 0x00000000d3380000, 0x00000000eab00000)
  object space 314880K, 97% used [0x00000000c0000000,0x00000000d2c51d08,0x00000000d3380000)
 Metaspace       used 83241K, committed 84672K, reserved 1179648K
  class space    used 8633K, committed 9280K, reserved 1048576K
}
Event: 47.808 GC heap before
{Heap before GC invocations=470 (full 21):
 PSYoungGen      total 4608K, used 4256K [0x00000000eab00000, 0x00000000eb380000, 0x0000000100000000)
  eden space 2048K, 100% used [0x00000000eab00000,0x00000000ead00000,0x00000000ead00000)
  from space 2560K, 86% used [0x00000000ead00000,0x00000000eaf28000,0x00000000eaf80000)
  to   space 3072K, 0% used [0x00000000eb080000,0x00000000eb080000,0x00000000eb380000)
 ParOldGen       total 314880K, used 307527K [0x00000000c0000000, 0x00000000d3380000, 0x00000000eab00000)
  object space 314880K, 97% used [0x00000000c0000000,0x00000000d2c51d08,0x00000000d3380000)
 Metaspace       used 83241K, committed 84672K, reserved 1179648K
  class space    used 8633K, committed 9280K, reserved 1048576K
}
Event: 47.813 GC heap after
{Heap after GC invocations=470 (full 21):
 PSYoungGen      total 5120K, used 2240K [0x00000000eab00000, 0x00000000eb300000, 0x0000000100000000)
  eden space 2560K, 0% used [0x00000000eab00000,0x00000000eab00000,0x00000000ead80000)
  from space 2560K, 87% used [0x00000000eb080000,0x00000000eb2b0000,0x00000000eb300000)
  to   space 2560K, 0% used [0x00000000eae00000,0x00000000eae00000,0x00000000eb080000)
 ParOldGen       total 314880K, used 309567K [0x00000000c0000000, 0x00000000d3380000, 0x00000000eab00000)
  object space 314880K, 98% used [0x00000000c0000000,0x00000000d2e4fd08,0x00000000d3380000)
 Metaspace       used 83241K, committed 84672K, reserved 1179648K
  class space    used 8633K, committed 9280K, reserved 1048576K
}
Event: 47.825 GC heap before
{Heap before GC invocations=471 (full 21):
 PSYoungGen      total 5120K, used 4800K [0x00000000eab00000, 0x00000000eb300000, 0x0000000100000000)
  eden space 2560K, 100% used [0x00000000eab00000,0x00000000ead80000,0x00000000ead80000)
  from space 2560K, 87% used [0x00000000eb080000,0x00000000eb2b0000,0x00000000eb300000)
  to   space 2560K, 0% used [0x00000000eae00000,0x00000000eae00000,0x00000000eb080000)
 ParOldGen       total 314880K, used 309567K [0x00000000c0000000, 0x00000000d3380000, 0x00000000eab00000)
  object space 314880K, 98% used [0x00000000c0000000,0x00000000d2e4fd08,0x00000000d3380000)
 Metaspace       used 83241K, committed 84672K, reserved 1179648K
  class space    used 8633K, committed 9280K, reserved 1048576K
}
Event: 47.828 GC heap after
{Heap after GC invocations=471 (full 21):
 PSYoungGen      total 4608K, used 1178K [0x00000000eab00000, 0x00000000eb200000, 0x0000000100000000)
  eden space 3072K, 0% used [0x00000000eab00000,0x00000000eab00000,0x00000000eae00000)
  from space 1536K, 76% used [0x00000000eae00000,0x00000000eaf26900,0x00000000eaf80000)
  to   space 2048K, 0% used [0x00000000eb000000,0x00000000eb000000,0x00000000eb200000)
 ParOldGen       total 314880K, used 311655K [0x00000000c0000000, 0x00000000d3380000, 0x00000000eab00000)
  object space 314880K, 98% used [0x00000000c0000000,0x00000000d3059d08,0x00000000d3380000)
 Metaspace       used 83241K, committed 84672K, reserved 1179648K
  class space    used 8633K, committed 9280K, reserved 1048576K
}
Event: 47.850 GC heap before
{Heap before GC invocations=472 (full 21):
 PSYoungGen      total 4608K, used 4250K [0x00000000eab00000, 0x00000000eb200000, 0x0000000100000000)
  eden space 3072K, 100% used [0x00000000eab00000,0x00000000eae00000,0x00000000eae00000)
  from space 1536K, 76% used [0x00000000eae00000,0x00000000eaf26900,0x00000000eaf80000)
  to   space 2048K, 0% used [0x00000000eb000000,0x00000000eb000000,0x00000000eb200000)
 ParOldGen       total 314880K, used 311655K [0x00000000c0000000, 0x00000000d3380000, 0x00000000eab00000)
  object space 314880K, 98% used [0x00000000c0000000,0x00000000d3059d08,0x00000000d3380000)
 Metaspace       used 83255K, committed 84672K, reserved 1179648K
  class space    used 8633K, committed 9280K, reserved 1048576K
}
Event: 47.853 GC heap after
{Heap after GC invocations=472 (full 21):
 PSYoungGen      total 5120K, used 320K [0x00000000eab00000, 0x00000000eb100000, 0x0000000100000000)
  eden space 4096K, 0% used [0x00000000eab00000,0x00000000eab00000,0x00000000eaf00000)
  from space 1024K, 31% used [0x00000000eb000000,0x00000000eb050000,0x00000000eb100000)
  to   space 1024K, 0% used [0x00000000eaf00000,0x00000000eaf00000,0x00000000eb000000)
 ParOldGen       total 314880K, used 312379K [0x00000000c0000000, 0x00000000d3380000, 0x00000000eab00000)
  object space 314880K, 99% used [0x00000000c0000000,0x00000000d310ef08,0x00000000d3380000)
 Metaspace       used 83255K, committed 84672K, reserved 1179648K
  class space    used 8633K, committed 9280K, reserved 1048576K
}
Event: 47.862 GC heap before
{Heap before GC invocations=473 (full 21):
 PSYoungGen      total 5120K, used 4416K [0x00000000eab00000, 0x00000000eb100000, 0x0000000100000000)
  eden space 4096K, 100% used [0x00000000eab00000,0x00000000eaf00000,0x00000000eaf00000)
  from space 1024K, 31% used [0x00000000eb000000,0x00000000eb050000,0x00000000eb100000)
  to   space 1024K, 0% used [0x00000000eaf00000,0x00000000eaf00000,0x00000000eb000000)
 ParOldGen       total 314880K, used 312379K [0x00000000c0000000, 0x00000000d3380000, 0x00000000eab00000)
  object space 314880K, 99% used [0x00000000c0000000,0x00000000d310ef08,0x00000000d3380000)
 Metaspace       used 83257K, committed 84672K, reserved 1179648K
  class space    used 8633K, committed 9280K, reserved 1048576K
}
Event: 47.863 GC heap after
{Heap after GC invocations=473 (full 21):
 PSYoungGen      total 5120K, used 698K [0x00000000eab00000, 0x00000000eb200000, 0x0000000100000000)
  eden space 4096K, 0% used [0x00000000eab00000,0x00000000eab00000,0x00000000eaf00000)
  from space 1024K, 68% used [0x00000000eaf00000,0x00000000eafae900,0x00000000eb000000)
  to   space 1024K, 0% used [0x00000000eb100000,0x00000000eb100000,0x00000000eb200000)
 ParOldGen       total 314880K, used 312451K [0x00000000c0000000, 0x00000000d3380000, 0x00000000eab00000)
  object space 314880K, 99% used [0x00000000c0000000,0x00000000d3120f08,0x00000000d3380000)
 Metaspace       used 83257K, committed 84672K, reserved 1179648K
  class space    used 8633K, committed 9280K, reserved 1048576K
}

