# JRE version: OpenJDK Runtime Environment Temurin-17.0.11+9 (17.0.11+9) (build 17.0.11+9)
# Java VM: OpenJDK 64-Bit Server VM Temurin-17.0.11+9 (17.0.11+9, mixed mode, emulated-client, tiered, compressed oops, compressed class ptrs, g1 gc, windows-amd64)
GC Precious Log:
 CPUs: 16 total, 16 available
 Memory: 15789M
 Large Page Support: Disabled
 NUMA Support: Disabled
 Compressed Oops: Enabled (32-bit)
 Heap Region Size: 1M
 Heap Min Capacity: 8M
 Heap Initial Capacity: 248M
 Heap Max Capacity: 1G
 Pre-touch: Disabled
 Parallel Workers: 13
 Concurrent Workers: 3
 Concurrent Refinement Workers: 13
 Periodic GC: Disabled
Heap:
 garbage-first heap   total 78848K, used 46366K [0x00000000c0000000, 0x0000000100000000)
  region size 1024K, 3 young (3072K), 3 survivors (3072K)
 Metaspace       used 58326K, committed 58880K, reserved 1114112K
  class space    used 7234K, committed 7488K, reserved 1048576K
GC Heap History (20 events):
Event: 9.446 GC heap after
{Heap after GC invocations=3 (full 0):
 garbage-first heap   total 253952K, used 20887K [0x00000000c0000000, 0x0000000100000000)
  region size 1024K, 5 young (5120K), 5 survivors (5120K)
 Metaspace       used 21254K, committed 21504K, reserved 1114112K
  class space    used 2608K, committed 2752K, reserved 1048576K
}
Event: 10.679 GC heap before
{Heap before GC invocations=4 (full 0):
 garbage-first heap   total 78848K, used 59799K [0x00000000c0000000, 0x0000000100000000)
  region size 1024K, 44 young (45056K), 5 survivors (5120K)
 Metaspace       used 28017K, committed 28288K, reserved 1114112K
  class space    used 3491K, committed 3584K, reserved 1048576K
}
Event: 10.687 GC heap after
{Heap after GC invocations=5 (full 0):
 garbage-first heap   total 78848K, used 24520K [0x00000000c0000000, 0x0000000100000000)
  region size 1024K, 4 young (4096K), 4 survivors (4096K)
 Metaspace       used 28017K, committed 28288K, reserved 1114112K
  class space    used 3491K, committed 3584K, reserved 1048576K
}
Event: 11.724 GC heap before
{Heap before GC invocations=5 (full 0):
 garbage-first heap   total 78848K, used 51144K [0x00000000c0000000, 0x0000000100000000)
  region size 1024K, 30 young (30720K), 4 survivors (4096K)
 Metaspace       used 32148K, committed 32512K, reserved 1114112K
  class space    used 4079K, committed 4288K, reserved 1048576K
}
Event: 11.733 GC heap after
{Heap after GC invocations=6 (full 0):
 garbage-first heap   total 78848K, used 26774K [0x00000000c0000000, 0x0000000100000000)
  region size 1024K, 3 young (3072K), 3 survivors (3072K)
 Metaspace       used 32148K, committed 32512K, reserved 1114112K
  class space    used 4079K, committed 4288K, reserved 1048576K
}
Event: 13.743 GC heap before
{Heap before GC invocations=6 (full 0):
 garbage-first heap   total 78848K, used 48278K [0x00000000c0000000, 0x0000000100000000)
  region size 1024K, 26 young (26624K), 3 survivors (3072K)
 Metaspace       used 35621K, committed 35968K, reserved 1114112K
  class space    used 4581K, committed 4736K, reserved 1048576K
}
Event: 13.753 GC heap after
{Heap after GC invocations=7 (full 0):
 garbage-first heap   total 78848K, used 28635K [0x00000000c0000000, 0x0000000100000000)
  region size 1024K, 3 young (3072K), 3 survivors (3072K)
 Metaspace       used 35621K, committed 35968K, reserved 1114112K
  class space    used 4581K, committed 4736K, reserved 1048576K
}
Event: 14.613 GC heap before
{Heap before GC invocations=8 (full 0):
 garbage-first heap   total 78848K, used 54235K [0x00000000c0000000, 0x0000000100000000)
  region size 1024K, 29 young (29696K), 3 survivors (3072K)
 Metaspace       used 39839K, committed 40256K, reserved 1114112K
  class space    used 5286K, committed 5504K, reserved 1048576K
}
Event: 14.616 GC heap after
{Heap after GC invocations=9 (full 0):
 garbage-first heap   total 78848K, used 30937K [0x00000000c0000000, 0x0000000100000000)
  region size 1024K, 3 young (3072K), 3 survivors (3072K)
 Metaspace       used 39839K, committed 40256K, reserved 1114112K
  class space    used 5286K, committed 5504K, reserved 1048576K
}
Event: 14.961 GC heap before
{Heap before GC invocations=9 (full 0):
 garbage-first heap   total 78848K, used 55513K [0x00000000c0000000, 0x0000000100000000)
  region size 1024K, 28 young (28672K), 3 survivors (3072K)
 Metaspace       used 42856K, committed 43392K, reserved 1114112K
  class space    used 5578K, committed 5824K, reserved 1048576K
}
Event: 14.964 GC heap after
{Heap after GC invocations=10 (full 0):
 garbage-first heap   total 78848K, used 33647K [0x00000000c0000000, 0x0000000100000000)
  region size 1024K, 3 young (3072K), 3 survivors (3072K)
 Metaspace       used 42856K, committed 43392K, reserved 1114112K
  class space    used 5578K, committed 5824K, reserved 1048576K
}
Event: 15.225 GC heap before
{Heap before GC invocations=10 (full 0):
 garbage-first heap   total 78848K, used 58223K [0x00000000c0000000, 0x0000000100000000)
  region size 1024K, 27 young (27648K), 3 survivors (3072K)
 Metaspace       used 46658K, committed 47104K, reserved 1114112K
  class space    used 5931K, committed 6144K, reserved 1048576K
}
Event: 15.227 GC heap after
{Heap after GC invocations=11 (full 0):
 garbage-first heap   total 78848K, used 40293K [0x00000000c0000000, 0x0000000100000000)
  region size 1024K, 4 young (4096K), 4 survivors (4096K)
 Metaspace       used 46658K, committed 47104K, reserved 1114112K
  class space    used 5931K, committed 6144K, reserved 1048576K
}
Event: 15.471 GC heap before
{Heap before GC invocations=11 (full 0):
 garbage-first heap   total 78848K, used 60773K [0x00000000c0000000, 0x0000000100000000)
  region size 1024K, 24 young (24576K), 4 survivors (4096K)
 Metaspace       used 48651K, committed 49152K, reserved 1114112K
  class space    used 6151K, committed 6400K, reserved 1048576K
}
Event: 15.473 GC heap after
{Heap after GC invocations=12 (full 0):
 garbage-first heap   total 78848K, used 42373K [0x00000000c0000000, 0x0000000100000000)
  region size 1024K, 2 young (2048K), 2 survivors (2048K)
 Metaspace       used 48651K, committed 49152K, reserved 1114112K
  class space    used 6151K, committed 6400K, reserved 1048576K
}
Event: 15.833 GC heap before
{Heap before GC invocations=13 (full 0):
 garbage-first heap   total 78848K, used 61829K [0x00000000c0000000, 0x0000000100000000)
  region size 1024K, 21 young (21504K), 2 survivors (2048K)
 Metaspace       used 52461K, committed 52992K, reserved 1114112K
  class space    used 6501K, committed 6784K, reserved 1048576K
}
Event: 15.834 GC heap after
{Heap after GC invocations=14 (full 0):
 garbage-first heap   total 78848K, used 44145K [0x00000000c0000000, 0x0000000100000000)
  region size 1024K, 2 young (2048K), 2 survivors (2048K)
 Metaspace       used 52461K, committed 52992K, reserved 1114112K
  class space    used 6501K, committed 6784K, reserved 1048576K
}
Event: 15.837 GC heap before
{Heap before GC invocations=14 (full 0):
 garbage-first heap   total 78848K, used 45169K [0x00000000c0000000, 0x0000000100000000)
  region size 1024K, 3 young (3072K), 2 survivors (2048K)
 Metaspace       used 52461K, committed 52992K, reserved 1114112K
  class space    used 6501K, committed 6784K, reserved 1048576K
}
Event: 15.838 GC heap after
{Heap after GC invocations=15 (full 0):
 garbage-first heap   total 78848K, used 44432K [0x00000000c0000000, 0x0000000100000000)
  region size 1024K, 1 young (1024K), 1 survivors (1024K)
 Metaspace       used 52461K, committed 52992K, reserved 1114112K
  class space    used 6501K, committed 6784K, reserved 1048576K
}
Event: 16.622 GC heap before
{Heap before GC invocations=15 (full 0):
 garbage-first heap   total 78848K, used 61840K [0x00000000c0000000, 0x0000000100000000)
  region size 1024K, 19 young (19456K), 1 survivors (1024K)
 Metaspace       used 58326K, committed 58880K, reserved 1114112K
  class space    used 7234K, committed 7488K, reserved 1048576K
}

