<?xml version="1.0" encoding="UTF-8"?>
<testsuite xmlns:xsi="http://www.w3.org/2001/XMLSchema-instance" xsi:noNamespaceSchemaLocation="https://maven.apache.org/surefire/maven-surefire-plugin/xsd/surefire-test-report-3.0.xsd" version="3.0" name="com.revengemission.sso.oauth2.server.SimpleTest" time="0.004" tests="2" errors="0" skipped="2" failures="0">
  <properties>
[...]
</properties>
  <testcase name="localDateTest" classname="com.revengemission.sso.oauth2.server.SimpleTest" time="0.0">
    <skipped message="public void com.revengemission.sso.oauth2.server.SimpleTest.localDateTest() throws com.fasterxml.jackson.core.JsonProcessingException is @Disabled"/>
  </testcase>
  <testcase name="checkPwd" classname="com.revengemission.sso.oauth2.server.SimpleTest" time="0.0">
    <skipped message="public void com.revengemission.sso.oauth2.server.SimpleTest.checkPwd() is @Disabled"/>
  </testcase>
</testsuite>